TN:
SF:src/AccountLockout.js
FN:5,(anonymous_1)
FN:13,(anonymous_2)
FN:28,(anonymous_3)
FN:34,(anonymous_4)
FN:47,(anonymous_5)
FN:48,(anonymous_6)
FN:58,(anonymous_7)
FN:75,(anonymous_8)
FN:89,(anonymous_9)
FN:110,(anonymous_10)
FN:117,(anonymous_11)
FN:136,(anonymous_12)
FN:138,(anonymous_13)
FN:141,(anonymous_14)
FN:149,(anonymous_15)
FN:153,(anonymous_16)
FN:165,(anonymous_17)
FNF:17
FNH:0
FNDA:0,(anonymous_1)
FNDA:0,(anonymous_2)
FNDA:0,(anonymous_3)
FNDA:0,(anonymous_4)
FNDA:0,(anonymous_5)
FNDA:0,(anonymous_6)
FNDA:0,(anonymous_7)
FNDA:0,(anonymous_8)
FNDA:0,(anonymous_9)
FNDA:0,(anonymous_10)
FNDA:0,(anonymous_11)
FNDA:0,(anonymous_12)
FNDA:0,(anonymous_13)
FNDA:0,(anonymous_14)
FNDA:0,(anonymous_15)
FNDA:0,(anonymous_16)
FNDA:0,(anonymous_17)
DA:2,1
DA:6,0
DA:7,0
DA:14,0
DA:18,0
DA:22,0
DA:29,0
DA:34,0
DA:35,0
DA:36,0
DA:38,0
DA:48,0
DA:49,0
DA:50,0
DA:59,0
DA:63,0
DA:67,0
DA:76,0
DA:81,0
DA:83,0
DA:89,0
DA:90,0
DA:97,0
DA:99,0
DA:111,0
DA:117,0
DA:118,0
DA:119,0
DA:137,0
DA:139,0
DA:142,0
DA:150,0
DA:151,0
DA:153,0
DA:154,0
DA:155,0
DA:157,0
DA:166,0
DA:167,0
DA:169,0
DA:180,1
LF:41
LH:2
BRDA:35,0,0,0
BRDA:35,0,1,0
BRDA:35,1,0,0
BRDA:35,1,1,0
BRDA:49,2,0,0
BRDA:49,2,1,0
BRDA:90,3,0,0
BRDA:90,3,1,0
BRDA:91,4,0,0
BRDA:91,4,1,0
BRDA:91,4,2,0
BRDA:91,4,3,0
BRDA:91,4,4,0
BRDA:118,5,0,0
BRDA:118,5,1,0
BRDA:118,6,0,0
BRDA:118,6,1,0
BRDA:150,7,0,0
BRDA:150,7,1,0
BRDA:154,8,0,0
BRDA:154,8,1,0
BRDA:166,9,0,0
BRDA:166,9,1,0
BRDA:166,10,0,0
BRDA:166,10,1,0
BRF:25
BRH:0
end_of_record
TN:
SF:src/Auth.js
FN:7,Auth
FN:31,(anonymous_1)
FN:42,master
FN:47,readOnly
FN:52,nobody
FN:57,(anonymous_5)
FN:96,(anonymous_6)
FN:124,(anonymous_7)
FN:129,(anonymous_8)
FN:147,(anonymous_9)
FN:161,(anonymous_10)
FN:172,(anonymous_11)
FN:178,(anonymous_12)
FN:184,(anonymous_13)
FN:206,(anonymous_14)
FN:216,(anonymous_15)
FN:225,(anonymous_16)
FN:233,(anonymous_17)
FN:240,(anonymous_18)
FN:246,(anonymous_19)
FN:248,(anonymous_20)
FN:256,(anonymous_21)
FN:264,(anonymous_22)
FN:265,(anonymous_23)
FN:277,(anonymous_24)
FN:284,(anonymous_25)
FN:296,(anonymous_26)
FNF:27
FNH:1
FNDA:1,Auth
FNDA:0,(anonymous_1)
FNDA:0,master
FNDA:0,readOnly
FNDA:0,nobody
FNDA:0,(anonymous_5)
FNDA:0,(anonymous_6)
FNDA:0,(anonymous_7)
FNDA:0,(anonymous_8)
FNDA:0,(anonymous_9)
FNDA:0,(anonymous_10)
FNDA:0,(anonymous_11)
FNDA:0,(anonymous_12)
FNDA:0,(anonymous_13)
FNDA:0,(anonymous_14)
FNDA:0,(anonymous_15)
FNDA:0,(anonymous_16)
FNDA:0,(anonymous_17)
FNDA:0,(anonymous_18)
FNDA:0,(anonymous_19)
FNDA:0,(anonymous_20)
FNDA:0,(anonymous_21)
FNDA:0,(anonymous_22)
FNDA:0,(anonymous_23)
FNDA:0,(anonymous_24)
FNDA:0,(anonymous_25)
FNDA:0,(anonymous_26)
DA:1,1
DA:2,1
DA:15,1
DA:16,1
DA:17,1
DA:18,1
DA:19,1
DA:20,1
DA:24,1
DA:25,1
DA:26,1
DA:31,1
DA:32,0
DA:33,0
DA:35,0
DA:36,0
DA:38,0
DA:43,0
DA:48,0
DA:53,0
DA:57,1
DA:63,0
DA:64,0
DA:65,0
DA:66,0
DA:67,0
DA:68,0
DA:81,0
DA:82,0
DA:87,0
DA:88,0
DA:90,0
DA:96,0
DA:99,0
DA:100,0
DA:102,0
DA:103,0
DA:104,0
DA:105,0
DA:107,0
DA:108,0
DA:109,0
DA:110,0
DA:111,0
DA:112,0
DA:114,0
DA:115,0
DA:124,1
DA:125,0
DA:128,0
DA:129,0
DA:130,0
DA:131,0
DA:132,0
DA:134,0
DA:135,0
DA:136,0
DA:137,0
DA:147,1
DA:148,0
DA:149,0
DA:151,0
DA:152,0
DA:154,0
DA:155,0
DA:157,0
DA:158,0
DA:161,1
DA:163,0
DA:164,0
DA:165,0
DA:172,0
DA:173,0
DA:176,0
DA:178,0
DA:180,0
DA:184,1
DA:185,0
DA:186,0
DA:187,0
DA:188,0
DA:189,0
DA:190,0
DA:195,0
DA:196,0
DA:197,0
DA:198,0
DA:199,0
DA:201,0
DA:202,0
DA:205,0
DA:207,0
DA:208,0
DA:209,0
DA:215,0
DA:216,0
DA:217,0
DA:219,0
DA:220,0
DA:221,0
DA:222,0
DA:225,1
DA:226,0
DA:227,0
DA:229,0
DA:230,0
DA:233,1
DA:234,0
DA:236,0
DA:237,0
DA:241,0
DA:242,0
DA:243,0
DA:246,0
DA:248,0
DA:249,0
DA:255,0
DA:256,0
DA:257,0
DA:260,0
DA:264,1
DA:265,0
DA:266,0
DA:267,0
DA:268,0
DA:272,0
DA:273,0
DA:276,0
DA:279,0
DA:280,0
DA:283,0
DA:285,0
DA:286,0
DA:287,0
DA:292,0
DA:294,0
DA:297,0
DA:301,1
LF:138
LH:21
BRDA:9,0,0,1
BRDA:10,1,0,0
BRDA:11,2,0,1
BRDA:16,3,0,1
BRDA:16,3,1,1
BRDA:16,3,2,1
BRDA:32,4,0,0
BRDA:32,4,1,0
BRDA:35,5,0,0
BRDA:35,5,1,0
BRDA:63,6,0,0
BRDA:63,6,1,0
BRDA:63,6,2,0
BRDA:64,7,0,0
BRDA:64,7,1,0
BRDA:66,8,0,0
BRDA:66,8,1,0
BRDA:81,9,0,0
BRDA:81,9,1,0
BRDA:99,10,0,0
BRDA:99,10,1,0
BRDA:99,11,0,0
BRDA:99,11,1,0
BRDA:103,12,0,0
BRDA:103,12,1,0
BRDA:104,13,0,0
BRDA:104,13,1,0
BRDA:111,14,0,0
BRDA:111,14,1,0
BRDA:131,15,0,0
BRDA:131,15,1,0
BRDA:148,16,0,0
BRDA:148,16,1,0
BRDA:148,17,0,0
BRDA:148,17,1,0
BRDA:151,18,0,0
BRDA:151,18,1,0
BRDA:154,19,0,0
BRDA:154,19,1,0
BRDA:164,20,0,0
BRDA:164,20,1,0
BRDA:185,21,0,0
BRDA:185,21,1,0
BRDA:187,22,0,0
BRDA:187,22,1,0
BRDA:196,23,0,0
BRDA:196,23,1,0
BRDA:226,24,0,0
BRDA:226,24,1,0
BRDA:236,25,0,0
BRDA:236,25,1,0
BRDA:264,26,0,0
BRDA:264,27,0,0
BRDA:272,28,0,0
BRDA:272,28,1,0
BRDA:279,29,0,0
BRDA:279,29,1,0
BRF:57
BRH:5
end_of_record
TN:
SF:src/ClientSDK.js
FN:3,compatible
FN:4,(anonymous_1)
FN:18,supportsForwardDelete
FN:24,fromString
FNF:4
FNH:0
FNDA:0,compatible
FNDA:0,(anonymous_1)
FNDA:0,supportsForwardDelete
FNDA:0,fromString
DA:1,1
DA:4,0
DA:5,0
DA:6,0
DA:9,0
DA:10,0
DA:12,0
DA:13,0
DA:14,0
DA:19,0
DA:25,0
DA:26,0
DA:27,0
DA:28,0
DA:33,0
DA:36,1
LF:16
LH:2
BRDA:5,0,0,0
BRDA:5,0,1,0
BRDA:9,1,0,0
BRDA:9,1,1,0
BRDA:27,2,0,0
BRDA:27,2,1,0
BRDA:27,3,0,0
BRDA:27,3,1,0
BRF:8
BRH:0
end_of_record
TN:
SF:src/Config.js
FN:18,removeTrailingSlash
FN:29,(anonymous_2)
FN:36,(anonymous_3)
FN:51,(anonymous_4)
FN:58,(anonymous_5)
FN:121,(anonymous_6)
FN:127,(anonymous_7)
FN:143,(anonymous_8)
FN:185,(anonymous_9)
FN:244,(anonymous_10)
FN:262,(anonymous_11)
FN:288,(anonymous_12)
FN:349,(anonymous_13)
FN:351,(anonymous_14)
FN:357,(anonymous_15)
FN:388,(anonymous_16)
FN:416,(anonymous_17)
FN:424,(anonymous_18)
FN:432,(anonymous_19)
FN:436,(anonymous_20)
FN:446,(anonymous_21)
FN:452,(anonymous_22)
FN:455,(anonymous_23)
FN:468,(anonymous_24)
FN:476,(anonymous_25)
FN:484,(anonymous_26)
FN:492,(anonymous_27)
FN:496,(anonymous_28)
FN:503,(anonymous_29)
FN:509,(anonymous_30)
FN:513,(anonymous_31)
FN:520,(anonymous_32)
FN:524,(anonymous_33)
FN:528,(anonymous_34)
FN:535,(anonymous_35)
FN:539,(anonymous_36)
FN:545,(anonymous_37)
FNF:37
FNH:20
FNDA:12,removeTrailingSlash
FNDA:12,(anonymous_2)
FNDA:684,(anonymous_3)
FNDA:1,(anonymous_4)
FNDA:1,(anonymous_5)
FNDA:1,(anonymous_6)
FNDA:1,(anonymous_7)
FNDA:1,(anonymous_8)
FNDA:1,(anonymous_9)
FNDA:1,(anonymous_10)
FNDA:1,(anonymous_11)
FNDA:1,(anonymous_12)
FNDA:1,(anonymous_13)
FNDA:0,(anonymous_14)
FNDA:0,(anonymous_15)
FNDA:1,(anonymous_16)
FNDA:1,(anonymous_17)
FNDA:1,(anonymous_18)
FNDA:12,(anonymous_19)
FNDA:1,(anonymous_20)
FNDA:1,(anonymous_21)
FNDA:1,(anonymous_22)
FNDA:0,(anonymous_23)
FNDA:0,(anonymous_24)
FNDA:0,(anonymous_25)
FNDA:0,(anonymous_26)
FNDA:0,(anonymous_27)
FNDA:0,(anonymous_28)
FNDA:0,(anonymous_29)
FNDA:0,(anonymous_30)
FNDA:0,(anonymous_31)
FNDA:0,(anonymous_32)
FNDA:0,(anonymous_33)
FNDA:0,(anonymous_34)
FNDA:0,(anonymous_35)
FNDA:0,(anonymous_36)
FNDA:0,(anonymous_37)
DA:5,1
DA:6,1
DA:7,1
DA:8,1
DA:16,1
DA:19,12
DA:20,10
DA:22,2
DA:23,0
DA:25,2
DA:30,12
DA:31,12
DA:32,0
DA:34,12
DA:35,12
DA:36,12
DA:37,684
DA:38,12
DA:40,672
DA:43,12
DA:44,12
DA:45,12
DA:48,12
DA:52,1
DA:53,1
DA:54,1
DA:55,1
DA:82,1
DA:83,0
DA:86,1
DA:87,1
DA:88,0
DA:97,1
DA:98,1
DA:99,1
DA:101,1
DA:102,0
DA:105,1
DA:106,0
DA:107,0
DA:110,1
DA:111,1
DA:112,1
DA:113,1
DA:114,1
DA:115,1
DA:116,1
DA:117,1
DA:118,1
DA:122,1
DA:123,0
DA:128,1
DA:129,0
DA:131,1
DA:132,1
DA:133,0
DA:134,0
DA:136,1
DA:137,1
DA:138,0
DA:139,0
DA:144,1
DA:145,0
DA:146,0
DA:148,0
DA:149,0
DA:150,0
DA:151,0
DA:153,0
DA:154,0
DA:155,0
DA:156,0
DA:158,0
DA:159,0
DA:160,0
DA:161,0
DA:163,0
DA:164,0
DA:165,0
DA:166,0
DA:168,0
DA:169,0
DA:170,0
DA:171,0
DA:173,0
DA:174,0
DA:175,0
DA:176,0
DA:178,0
DA:179,0
DA:180,0
DA:181,0
DA:186,1
DA:187,0
DA:189,1
DA:190,1
DA:191,0
DA:192,0
DA:194,1
DA:195,1
DA:196,0
DA:197,0
DA:199,1
DA:200,1
DA:201,0
DA:202,0
DA:204,1
DA:205,1
DA:206,0
DA:207,0
DA:209,1
DA:210,1
DA:211,0
DA:215,0
DA:217,1
DA:218,1
DA:219,0
DA:220,0
DA:222,1
DA:223,1
DA:224,0
DA:225,0
DA:227,1
DA:228,1
DA:229,0
DA:230,0
DA:232,1
DA:233,1
DA:234,0
DA:235,0
DA:237,1
DA:238,1
DA:239,0
DA:240,0
DA:245,1
DA:246,0
DA:248,1
DA:249,1
DA:250,0
DA:251,0
DA:252,0
DA:253,0
DA:255,1
DA:256,1
DA:257,0
DA:258,0
DA:263,1
DA:264,0
DA:269,0
DA:272,0
DA:277,0
DA:280,0
DA:281,0
DA:282,0
DA:283,0
DA:289,1
DA:290,0
DA:294,0
DA:297,0
DA:302,0
DA:305,0
DA:306,0
DA:307,0
DA:308,0
DA:309,0
DA:313,0
DA:317,0
DA:320,0
DA:324,0
DA:327,0
DA:333,0
DA:336,0
DA:340,0
DA:342,0
DA:343,0
DA:350,1
DA:351,0
DA:352,0
DA:364,0
DA:365,0
DA:367,0
DA:368,0
DA:370,0
DA:371,0
DA:373,0
DA:374,0
DA:375,0
DA:376,0
DA:377,0
DA:380,0
DA:381,0
DA:383,0
DA:384,0
DA:389,1
DA:390,1
DA:391,0
DA:394,0
DA:395,0
DA:397,0
DA:399,1
DA:400,1
DA:401,0
DA:402,0
DA:404,1
DA:405,1
DA:406,0
DA:407,0
DA:409,1
DA:410,1
DA:411,0
DA:412,0
DA:417,1
DA:418,0
DA:419,0
DA:425,1
DA:426,1
DA:427,0
DA:429,1
DA:433,12
DA:437,1
DA:438,1
DA:439,0
DA:440,1
DA:441,0
DA:447,1
DA:448,0
DA:453,1
DA:454,0
DA:455,0
DA:456,0
DA:457,0
DA:458,0
DA:459,0
DA:463,0
DA:469,0
DA:470,0
DA:472,0
DA:473,0
DA:477,0
DA:478,0
DA:480,0
DA:481,0
DA:485,0
DA:486,0
DA:488,0
DA:489,0
DA:493,0
DA:497,0
DA:504,0
DA:510,0
DA:514,0
DA:521,0
DA:525,0
DA:529,0
DA:536,0
DA:540,0
DA:546,0
DA:552,1
DA:553,1
LF:259
LH:98
BRDA:19,0,0,10
BRDA:19,0,1,2
BRDA:22,1,0,0
BRDA:22,1,1,2
BRDA:31,2,0,0
BRDA:31,2,1,12
BRDA:37,3,0,12
BRDA:37,3,1,672
BRDA:82,4,0,0
BRDA:82,4,1,1
BRDA:87,5,0,0
BRDA:87,5,1,1
BRDA:101,6,0,0
BRDA:101,6,1,1
BRDA:105,7,0,0
BRDA:105,7,1,1
BRDA:106,8,0,0
BRDA:106,8,1,0
BRDA:106,9,0,0
BRDA:106,9,1,0
BRDA:122,10,0,0
BRDA:122,10,1,1
BRDA:128,11,0,0
BRDA:128,11,1,1
BRDA:131,12,0,1
BRDA:131,12,1,0
BRDA:133,13,0,0
BRDA:133,13,1,0
BRDA:136,14,0,1
BRDA:136,14,1,0
BRDA:138,15,0,0
BRDA:138,15,1,0
BRDA:144,16,0,1
BRDA:144,16,1,0
BRDA:145,17,0,0
BRDA:145,17,1,0
BRDA:148,18,0,0
BRDA:148,18,1,0
BRDA:150,19,0,0
BRDA:150,19,1,0
BRDA:153,20,0,0
BRDA:153,20,1,0
BRDA:155,21,0,0
BRDA:155,21,1,0
BRDA:158,22,0,0
BRDA:158,22,1,0
BRDA:160,23,0,0
BRDA:160,23,1,0
BRDA:163,24,0,0
BRDA:163,24,1,0
BRDA:165,25,0,0
BRDA:165,25,1,0
BRDA:168,26,0,0
BRDA:168,26,1,0
BRDA:170,27,0,0
BRDA:170,27,1,0
BRDA:173,28,0,0
BRDA:173,28,1,0
BRDA:175,29,0,0
BRDA:175,29,1,0
BRDA:175,30,0,0
BRDA:175,30,1,0
BRDA:178,31,0,0
BRDA:178,31,1,0
BRDA:180,32,0,0
BRDA:180,32,1,0
BRDA:180,33,0,0
BRDA:180,33,1,0
BRDA:186,34,0,0
BRDA:186,34,1,1
BRDA:189,35,0,1
BRDA:189,35,1,0
BRDA:191,36,0,0
BRDA:191,36,1,0
BRDA:194,37,0,1
BRDA:194,37,1,0
BRDA:196,38,0,0
BRDA:196,38,1,0
BRDA:199,39,0,1
BRDA:199,39,1,0
BRDA:201,40,0,0
BRDA:201,40,1,0
BRDA:204,41,0,1
BRDA:204,41,1,0
BRDA:206,42,0,0
BRDA:206,42,1,0
BRDA:209,43,0,1
BRDA:209,43,1,0
BRDA:211,44,0,0
BRDA:211,44,1,0
BRDA:212,45,0,0
BRDA:212,45,1,0
BRDA:217,46,0,1
BRDA:217,46,1,0
BRDA:219,47,0,0
BRDA:219,47,1,0
BRDA:222,48,0,1
BRDA:222,48,1,0
BRDA:224,49,0,0
BRDA:224,49,1,0
BRDA:227,50,0,1
BRDA:227,50,1,0
BRDA:229,51,0,0
BRDA:229,51,1,0
BRDA:232,52,0,1
BRDA:232,52,1,0
BRDA:234,53,0,0
BRDA:234,53,1,0
BRDA:237,54,0,1
BRDA:237,54,1,0
BRDA:239,55,0,0
BRDA:239,55,1,0
BRDA:245,56,0,0
BRDA:245,56,1,1
BRDA:248,57,0,1
BRDA:248,57,1,0
BRDA:250,58,0,0
BRDA:250,58,1,0
BRDA:250,59,0,0
BRDA:250,59,1,0
BRDA:252,60,0,0
BRDA:252,60,1,0
BRDA:255,61,0,1
BRDA:255,61,1,0
BRDA:257,62,0,0
BRDA:257,62,1,0
BRDA:263,63,0,0
BRDA:263,63,1,1
BRDA:264,64,0,0
BRDA:264,64,1,0
BRDA:265,65,0,0
BRDA:265,65,1,0
BRDA:265,65,2,0
BRDA:272,66,0,0
BRDA:272,66,1,0
BRDA:273,67,0,0
BRDA:273,67,1,0
BRDA:273,67,2,0
BRDA:280,68,0,0
BRDA:280,68,1,0
BRDA:282,69,0,0
BRDA:282,69,1,0
BRDA:289,70,0,0
BRDA:289,70,1,1
BRDA:290,71,0,0
BRDA:290,71,1,0
BRDA:291,72,0,0
BRDA:291,72,1,0
BRDA:291,72,2,0
BRDA:297,73,0,0
BRDA:297,73,1,0
BRDA:298,74,0,0
BRDA:298,74,1,0
BRDA:298,74,2,0
BRDA:305,75,0,0
BRDA:305,75,1,0
BRDA:306,76,0,0
BRDA:306,76,1,0
BRDA:308,77,0,0
BRDA:308,77,1,0
BRDA:313,78,0,0
BRDA:313,78,1,0
BRDA:314,79,0,0
BRDA:314,79,1,0
BRDA:320,80,0,0
BRDA:320,80,1,0
BRDA:321,81,0,0
BRDA:321,81,1,0
BRDA:327,82,0,0
BRDA:327,82,1,0
BRDA:328,83,0,0
BRDA:328,83,1,0
BRDA:328,83,2,0
BRDA:328,83,3,0
BRDA:336,84,0,0
BRDA:336,84,1,0
BRDA:337,85,0,0
BRDA:337,85,1,0
BRDA:342,86,0,0
BRDA:342,86,1,0
BRDA:342,87,0,0
BRDA:342,87,1,0
BRDA:350,88,0,0
BRDA:350,88,1,1
BRDA:350,89,0,1
BRDA:350,89,1,0
BRDA:364,90,0,0
BRDA:364,90,1,0
BRDA:367,91,0,0
BRDA:367,91,1,0
BRDA:370,92,0,0
BRDA:370,92,1,0
BRDA:373,93,0,0
BRDA:373,93,1,0
BRDA:374,94,0,0
BRDA:374,94,1,0
BRDA:376,95,0,0
BRDA:376,95,1,0
BRDA:380,96,0,0
BRDA:380,96,1,0
BRDA:380,97,0,0
BRDA:380,97,1,0
BRDA:383,98,0,0
BRDA:383,98,1,0
BRDA:383,99,0,0
BRDA:383,99,1,0
BRDA:390,100,0,0
BRDA:390,100,1,1
BRDA:390,101,0,1
BRDA:390,101,1,1
BRDA:390,101,2,1
BRDA:394,102,0,0
BRDA:394,102,1,0
BRDA:399,103,0,1
BRDA:399,103,1,0
BRDA:401,104,0,0
BRDA:401,104,1,0
BRDA:404,105,0,1
BRDA:404,105,1,0
BRDA:406,106,0,0
BRDA:406,106,1,0
BRDA:409,107,0,1
BRDA:409,107,1,0
BRDA:411,108,0,0
BRDA:411,108,1,0
BRDA:418,109,0,0
BRDA:418,109,1,0
BRDA:426,110,0,0
BRDA:426,110,1,1
BRDA:437,111,0,1
BRDA:437,111,1,0
BRDA:438,112,0,0
BRDA:438,112,1,1
BRDA:440,113,0,0
BRDA:440,113,1,1
BRDA:447,114,0,0
BRDA:447,114,1,1
BRDA:453,115,0,0
BRDA:453,115,1,1
BRDA:454,116,0,0
BRDA:454,116,1,0
BRDA:456,117,0,0
BRDA:456,117,1,0
BRDA:458,118,0,0
BRDA:458,118,1,0
BRDA:469,119,0,0
BRDA:469,119,1,0
BRDA:469,120,0,0
BRDA:469,120,1,0
BRDA:477,121,0,0
BRDA:477,121,1,0
BRDA:477,122,0,0
BRDA:477,122,1,0
BRDA:485,123,0,0
BRDA:485,123,1,0
BRDA:493,124,0,0
BRDA:493,124,1,0
BRDA:498,125,0,0
BRDA:498,125,1,0
BRDA:505,126,0,0
BRDA:505,126,1,0
BRDA:510,127,0,0
BRDA:510,127,1,0
BRDA:515,128,0,0
BRDA:515,128,1,0
BRDA:521,129,0,0
BRDA:521,129,1,0
BRDA:530,130,0,0
BRDA:530,130,1,0
BRDA:547,131,0,0
BRDA:547,131,1,0
BRDA:546,132,0,0
BRDA:546,132,1,0
BRDA:546,132,2,0
BRF:274
BRH:46
end_of_record
TN:
SF:src/KeyPromiseQueue.js
FN:6,(anonymous_0)
FN:10,(anonymous_1)
FN:14,(anonymous_2)
FN:22,(anonymous_3)
FN:32,(anonymous_4)
FNF:5
FNH:1
FNDA:2,(anonymous_0)
FNDA:0,(anonymous_1)
FNDA:0,(anonymous_2)
FNDA:0,(anonymous_3)
FNDA:0,(anonymous_4)
DA:7,2
DA:11,0
DA:12,0
DA:13,0
DA:14,0
DA:15,0
DA:16,0
DA:18,0
DA:19,0
DA:23,0
DA:24,0
DA:25,0
DA:26,0
DA:28,0
DA:29,0
DA:33,0
DA:34,0
DA:35,0
DA:37,0
DA:38,0
DA:39,0
DA:40,0
LF:22
LH:1
BRDA:24,0,0,0
BRDA:24,0,1,0
BRDA:34,1,0,0
BRDA:34,1,1,0
BRDA:38,2,0,0
BRDA:38,2,1,0
BRF:6
BRH:0
end_of_record
TN:
SF:src/Page.js
FN:15,(anonymous_0)
FN:22,(anonymous_1)
FN:25,(anonymous_2)
FN:28,(anonymous_3)
FN:31,(anonymous_4)
FNF:5
FNH:1
FNDA:8,(anonymous_0)
FNDA:0,(anonymous_1)
FNDA:0,(anonymous_2)
FNDA:0,(anonymous_3)
FNDA:0,(anonymous_4)
DA:16,8
DA:18,8
DA:19,8
DA:23,0
DA:26,0
DA:29,0
DA:32,0
DA:36,1
LF:8
LH:4
BRDA:15,0,0,0
BRF:1
BRH:0
end_of_record
TN:
SF:src/ParseMessageQueue.js
FN:6,(anonymous_0)
FN:14,(anonymous_1)
FNF:2
FNH:2
FNDA:1,(anonymous_0)
FNDA:1,(anonymous_1)
DA:1,1
DA:2,1
DA:4,1
DA:6,1
DA:7,1
DA:8,1
DA:9,0
DA:11,1
DA:14,1
DA:15,1
DA:16,1
DA:17,0
DA:19,1
LF:13
LH:11
BRDA:8,0,0,0
BRDA:8,0,1,1
BRDA:16,1,0,0
BRDA:16,1,1,1
BRF:4
BRH:2
end_of_record
TN:
SF:src/ParseServer.js
FN:59,(anonymous_4)
FN:88,(anonymous_5)
FN:89,(anonymous_6)
FN:97,(anonymous_7)
FN:122,(anonymous_8)
FN:129,(anonymous_9)
FN:143,(anonymous_10)
FN:154,(anonymous_11)
FN:169,(anonymous_12)
FN:217,(anonymous_13)
FN:241,(anonymous_14)
FN:257,(anonymous_15)
FN:321,(anonymous_16)
FN:334,(anonymous_17)
FN:347,(anonymous_18)
FN:352,(anonymous_19)
FN:353,(anonymous_20)
FN:375,addParseCloud
FN:381,injectDefaults
FN:382,(anonymous_23)
FN:429,(anonymous_24)
FN:434,(anonymous_25)
FNF:22
FNH:14
FNDA:1,(anonymous_4)
FNDA:1,(anonymous_5)
FNDA:1,(anonymous_6)
FNDA:0,(anonymous_7)
FNDA:1,(anonymous_8)
FNDA:0,(anonymous_9)
FNDA:0,(anonymous_10)
FNDA:1,(anonymous_11)
FNDA:0,(anonymous_12)
FNDA:1,(anonymous_13)
FNDA:20,(anonymous_14)
FNDA:1,(anonymous_15)
FNDA:1,(anonymous_16)
FNDA:0,(anonymous_17)
FNDA:0,(anonymous_18)
FNDA:0,(anonymous_19)
FNDA:0,(anonymous_20)
FNDA:1,addParseCloud
FNDA:1,injectDefaults
FNDA:38,(anonymous_23)
FNDA:1,(anonymous_24)
FNDA:1,(anonymous_25)
DA:3,1
DA:4,1
DA:5,1
DA:6,1
DA:7,1
DA:8,1
DA:9,1
DA:10,1
DA:12,1
DA:13,1
DA:14,1
DA:15,1
DA:16,1
DA:17,1
DA:18,1
DA:19,1
DA:20,1
DA:21,1
DA:22,1
DA:23,1
DA:24,1
DA:25,1
DA:26,1
DA:27,1
DA:28,1
DA:29,1
DA:30,1
DA:31,1
DA:32,1
DA:33,1
DA:34,1
DA:35,1
DA:36,1
DA:37,1
DA:38,1
DA:39,1
DA:40,1
DA:41,1
DA:42,1
DA:43,1
DA:44,1
DA:45,1
DA:46,1
DA:47,1
DA:50,1
DA:61,1
DA:63,1
DA:73,1
DA:75,1
DA:76,1
DA:78,1
DA:80,1
DA:81,1
DA:83,1
DA:86,1
DA:88,1
DA:90,1
DA:91,0
DA:93,1
DA:94,0
DA:98,0
DA:99,0
DA:101,0
DA:102,0
DA:106,1
DA:107,0
DA:108,0
DA:109,0
DA:110,0
DA:111,0
DA:113,0
DA:117,1
DA:118,0
DA:123,1
DA:124,1
DA:126,1
DA:130,0
DA:131,0
DA:132,0
DA:133,0
DA:135,0
DA:136,0
DA:137,0
DA:139,0
DA:140,0
DA:141,0
DA:143,0
DA:144,0
DA:145,0
DA:155,1
DA:158,1
DA:160,1
DA:162,1
DA:169,1
DA:170,0
DA:175,1
DA:183,1
DA:184,1
DA:185,1
DA:187,1
DA:188,1
DA:190,1
DA:193,1
DA:211,1
DA:212,0
DA:214,1
DA:218,1
DA:241,1
DA:242,20
DA:245,1
DA:247,1
DA:248,1
DA:258,1
DA:259,1
DA:261,0
DA:262,0
DA:264,0
DA:266,0
DA:269,1
DA:271,1
DA:272,0
DA:273,0
DA:274,0
DA:275,0
DA:279,0
DA:282,0
DA:288,0
DA:289,0
DA:292,0
DA:293,0
DA:297,1
DA:298,1
DA:300,1
DA:301,0
DA:311,1
DA:312,1
DA:322,1
DA:323,1
DA:339,0
DA:340,0
DA:341,0
DA:342,0
DA:344,0
DA:349,0
DA:350,0
DA:351,0
DA:352,0
DA:354,0
DA:355,0
DA:357,0
DA:362,0
DA:363,0
DA:366,0
DA:367,0
DA:376,1
DA:377,1
DA:378,1
DA:382,1
DA:383,38
DA:384,3
DA:388,1
DA:389,1
DA:393,1
DA:394,1
DA:395,1
DA:396,0
DA:403,1
DA:405,0
DA:411,0
DA:419,0
DA:420,0
DA:423,0
DA:429,1
DA:430,1
DA:431,1
DA:432,0
DA:434,1
DA:435,1
DA:439,1
DA:444,1
DA:484,1
LF:181
LH:115
BRDA:65,0,0,0
BRDA:66,1,0,0
BRDA:70,2,0,0
BRDA:75,3,0,1
BRDA:75,3,1,1
BRDA:90,4,0,0
BRDA:90,4,1,1
BRDA:93,5,0,0
BRDA:93,5,1,1
BRDA:98,6,0,0
BRDA:98,6,1,0
BRDA:106,7,0,0
BRDA:106,7,1,1
BRDA:108,8,0,0
BRDA:108,8,1,0
BRDA:110,9,0,0
BRDA:110,9,1,0
BRDA:117,10,0,0
BRDA:117,10,1,1
BRDA:117,11,0,1
BRDA:117,11,1,1
BRDA:117,11,2,0
BRDA:123,12,0,1
BRDA:123,12,1,0
BRDA:132,13,0,0
BRDA:132,13,1,0
BRDA:132,14,0,0
BRDA:132,14,1,0
BRDA:136,15,0,0
BRDA:136,15,1,0
BRDA:136,16,0,0
BRDA:136,16,1,0
BRDA:140,17,0,0
BRDA:140,17,1,0
BRDA:140,18,0,0
BRDA:140,18,1,0
BRDA:143,19,0,0
BRDA:143,19,1,0
BRDA:144,20,0,0
BRDA:144,20,1,0
BRDA:155,21,0,0
BRDA:179,22,0,0
BRDA:179,22,1,1
BRDA:193,23,0,0
BRDA:193,23,1,1
BRDA:211,24,0,0
BRDA:211,24,1,1
BRDA:211,25,0,1
BRDA:211,25,1,1
BRDA:259,26,0,0
BRDA:259,26,1,1
BRDA:261,27,0,0
BRDA:261,27,1,0
BRDA:271,28,0,0
BRDA:271,28,1,1
BRDA:271,29,0,1
BRDA:271,29,1,1
BRDA:273,30,0,0
BRDA:273,30,1,0
BRDA:275,31,0,0
BRDA:275,31,1,0
BRDA:276,32,0,0
BRDA:276,32,1,0
BRDA:288,33,0,0
BRDA:288,33,1,0
BRDA:292,34,0,0
BRDA:292,34,1,0
BRDA:300,35,0,0
BRDA:300,35,1,1
BRDA:300,36,0,1
BRDA:300,36,1,1
BRDA:339,37,0,0
BRDA:339,37,1,0
BRDA:339,38,0,0
BRDA:339,38,1,0
BRDA:339,38,2,0
BRDA:349,39,0,0
BRDA:349,39,1,0
BRDA:354,40,0,0
BRDA:354,40,1,0
BRDA:355,41,0,0
BRDA:355,41,1,0
BRDA:355,42,0,0
BRDA:355,42,1,0
BRDA:355,42,2,0
BRDA:355,42,3,0
BRDA:362,43,0,0
BRDA:362,43,1,0
BRDA:366,44,0,0
BRDA:366,44,1,0
BRDA:383,45,0,3
BRDA:383,45,1,35
BRDA:388,46,0,1
BRDA:388,46,1,0
BRDA:393,47,0,1
BRDA:393,47,1,0
BRDA:395,48,0,0
BRDA:395,48,1,1
BRDA:403,49,0,0
BRDA:403,49,1,1
BRDA:405,50,0,0
BRDA:405,50,1,0
BRDA:412,51,0,0
BRDA:412,51,1,0
BRDA:412,52,0,0
BRDA:412,52,1,0
BRDA:419,53,0,0
BRDA:419,53,1,0
BRDA:424,54,0,0
BRDA:424,54,1,0
BRDA:431,55,0,0
BRDA:431,55,1,1
BRDA:436,56,0,1
BRDA:436,56,1,0
BRF:114
BRH:29
end_of_record
TN:
SF:src/ParseServerRESTController.js
FN:7,getSessionToken
FN:14,getAuth
FN:19,(anonymous_8)
FN:33,ParseServerRESTController
FN:34,handleRequest
FN:51,(anonymous_11)
FN:56,(anonymous_12)
FN:57,(anonymous_13)
FN:59,(anonymous_14)
FN:67,(anonymous_15)
FN:75,(anonymous_16)
FN:77,(anonymous_17)
FN:78,(anonymous_18)
FN:82,(anonymous_19)
FN:90,(anonymous_20)
FN:94,(anonymous_21)
FN:112,(anonymous_22)
FN:113,(anonymous_23)
FN:127,(anonymous_24)
FN:131,(anonymous_25)
FN:139,(anonymous_26)
FNF:21
FNH:0
FNDA:0,getSessionToken
FNDA:0,getAuth
FNDA:0,(anonymous_8)
FNDA:0,ParseServerRESTController
FNDA:0,handleRequest
FNDA:0,(anonymous_11)
FNDA:0,(anonymous_12)
FNDA:0,(anonymous_13)
FNDA:0,(anonymous_14)
FNDA:0,(anonymous_15)
FNDA:0,(anonymous_16)
FNDA:0,(anonymous_17)
FNDA:0,(anonymous_18)
FNDA:0,(anonymous_19)
FNDA:0,(anonymous_20)
FNDA:0,(anonymous_21)
FNDA:0,(anonymous_22)
FNDA:0,(anonymous_23)
FNDA:0,(anonymous_24)
FNDA:0,(anonymous_25)
FNDA:0,(anonymous_26)
DA:1,1
DA:2,1
DA:3,1
DA:4,1
DA:5,1
DA:8,0
DA:9,0
DA:11,0
DA:15,0
DA:16,0
DA:17,0
DA:19,0
DA:20,0
DA:21,0
DA:22,0
DA:28,0
DA:36,0
DA:38,0
DA:39,0
DA:41,0
DA:42,0
DA:43,0
DA:46,0
DA:47,0
DA:50,0
DA:51,0
DA:52,0
DA:53,0
DA:54,0
DA:56,0
DA:57,0
DA:58,0
DA:60,0
DA:61,0
DA:62,0
DA:63,0
DA:65,0
DA:68,0
DA:74,0
DA:76,0
DA:77,0
DA:78,0
DA:79,0
DA:82,0
DA:83,0
DA:87,0
DA:91,0
DA:94,0
DA:98,0
DA:100,0
DA:104,0
DA:108,0
DA:109,0
DA:112,0
DA:113,0
DA:114,0
DA:126,0
DA:128,0
DA:132,0
DA:133,0
DA:134,0
DA:136,0
DA:140,0
DA:145,0
DA:147,0
DA:155,0
DA:162,1
LF:67
LH:6
BRDA:8,0,0,0
BRDA:8,0,1,0
BRDA:8,1,0,0
BRDA:8,1,1,0
BRDA:14,2,0,0
BRDA:15,3,0,0
BRDA:15,3,1,0
BRDA:16,4,0,0
BRDA:16,4,1,0
BRDA:20,5,0,0
BRDA:20,5,1,0
BRDA:34,6,0,0
BRDA:34,7,0,0
BRDA:38,8,0,0
BRDA:38,8,1,0
BRDA:42,9,0,0
BRDA:42,9,1,0
BRDA:46,10,0,0
BRDA:46,10,1,0
BRDA:50,11,0,0
BRDA:50,11,1,0
BRDA:53,12,0,0
BRDA:53,12,1,0
BRDA:60,13,0,0
BRDA:60,13,1,0
BRDA:76,14,0,0
BRDA:76,14,1,0
BRDA:77,15,0,0
BRDA:77,15,1,0
BRDA:91,16,0,0
BRDA:91,16,1,0
BRDA:92,17,0,0
BRDA:92,17,1,0
BRDA:92,17,2,0
BRDA:94,18,0,0
BRDA:94,18,1,0
BRDA:108,19,0,0
BRDA:108,19,1,0
BRDA:122,20,0,0
BRDA:122,20,1,0
BRDA:133,21,0,0
BRDA:133,21,1,0
BRDA:140,22,0,0
BRDA:140,22,1,0
BRDA:141,23,0,0
BRDA:141,23,1,0
BRDA:141,23,2,0
BRF:47
BRH:0
end_of_record
TN:
SF:src/PromiseRouter.js
FN:14,validateParameter
FN:38,(anonymous_2)
FN:46,(anonymous_3)
FN:49,(anonymous_4)
FN:55,(anonymous_5)
FN:69,(anonymous_6)
FN:70,(anonymous_7)
FN:71,(anonymous_8)
FN:90,(anonymous_9)
FN:99,(anonymous_10)
FN:108,(anonymous_11)
FN:109,(anonymous_12)
FN:117,(anonymous_13)
FN:121,(anonymous_14)
FN:127,(anonymous_15)
FN:137,makeExpressHandler
FN:138,(anonymous_17)
FN:152,(anonymous_18)
FN:164,(anonymous_19)
FN:185,(anonymous_20)
FN:189,(anonymous_21)
FN:200,maskSensitiveUrl
FNF:22
FNH:13
FNDA:0,validateParameter
FNDA:23,(anonymous_2)
FNDA:1,(anonymous_3)
FNDA:0,(anonymous_4)
FNDA:94,(anonymous_5)
FNDA:1,(anonymous_6)
FNDA:2,(anonymous_7)
FNDA:2,(anonymous_8)
FNDA:0,(anonymous_9)
FNDA:0,(anonymous_10)
FNDA:2,(anonymous_11)
FNDA:81,(anonymous_12)
FNDA:2,(anonymous_13)
FNDA:0,(anonymous_14)
FNDA:0,(anonymous_15)
FNDA:81,makeExpressHandler
FNDA:1,(anonymous_17)
FNDA:1,(anonymous_18)
FNDA:0,(anonymous_19)
FNDA:0,(anonymous_20)
FNDA:0,(anonymous_21)
FNDA:1,maskSensitiveUrl
DA:8,1
DA:9,1
DA:10,1
DA:11,1
DA:12,1
DA:15,0
DA:16,0
DA:17,0
DA:19,0
DA:20,0
DA:21,0
DA:24,0
DA:39,23
DA:40,23
DA:41,23
DA:50,0
DA:51,0
DA:56,94
DA:61,94
DA:63,0
DA:66,94
DA:68,94
DA:69,48
DA:70,1
DA:71,2
DA:72,2
DA:78,94
DA:91,0
DA:92,0
DA:93,0
DA:95,0
DA:96,0
DA:97,0
DA:98,0
DA:99,0
DA:100,0
DA:102,0
DA:109,2
DA:110,81
DA:111,81
DA:112,81
DA:114,2
DA:118,2
DA:122,0
DA:123,0
DA:124,0
DA:126,0
DA:127,0
DA:128,0
DA:138,81
DA:139,1
DA:140,1
DA:141,1
DA:142,1
DA:143,1
DA:144,1
DA:150,1
DA:153,1
DA:154,0
DA:155,0
DA:158,1
DA:160,1
DA:161,1
DA:163,1
DA:164,0
DA:165,0
DA:169,1
DA:170,0
DA:171,0
DA:174,1
DA:175,1
DA:178,1
DA:179,0
DA:180,0
DA:183,1
DA:186,0
DA:190,0
DA:191,0
DA:194,0
DA:195,0
DA:201,1
DA:203,1
DA:206,1
DA:207,0
DA:209,1
LF:85
LH:45
BRDA:15,0,0,0
BRDA:15,0,1,0
BRDA:16,1,0,0
BRDA:16,1,1,0
BRDA:19,2,0,0
BRDA:19,2,1,0
BRDA:20,3,0,0
BRDA:20,3,1,0
BRDA:38,4,0,22
BRDA:57,5,0,33
BRDA:57,5,1,71
BRDA:57,5,2,84
BRDA:57,5,3,94
BRDA:57,5,4,0
BRDA:68,6,0,48
BRDA:68,6,1,46
BRDA:92,7,0,0
BRDA:92,7,1,0
BRDA:95,8,0,0
BRDA:95,8,1,0
BRDA:97,9,0,0
BRDA:97,9,1,0
BRDA:123,10,0,0
BRDA:123,10,1,0
BRDA:153,11,0,0
BRDA:153,11,1,1
BRDA:153,12,0,1
BRDA:153,12,1,0
BRDA:153,12,2,0
BRDA:160,13,0,1
BRDA:160,13,1,0
BRDA:163,14,0,0
BRDA:163,14,1,1
BRDA:169,15,0,0
BRDA:169,15,1,1
BRDA:174,16,0,1
BRDA:174,16,1,0
BRDA:178,17,0,0
BRDA:178,17,1,1
BRDA:203,18,0,1
BRDA:203,18,1,0
BRDA:203,18,2,0
BRDA:206,19,0,0
BRDA:206,19,1,1
BRF:44
BRH:16
end_of_record
TN:
SF:src/RestQuery.js
FN:21,RestQuery
FN:88,(anonymous_1)
FN:92,(anonymous_2)
FN:115,(anonymous_3)
FN:123,(anonymous_4)
FN:144,(anonymous_5)
FN:163,(anonymous_6)
FN:167,(anonymous_7)
FN:174,(anonymous_8)
FN:177,(anonymous_9)
FN:200,(anonymous_10)
FN:202,(anonymous_11)
FN:205,(anonymous_12)
FN:208,(anonymous_13)
FN:211,(anonymous_14)
FN:214,(anonymous_15)
FN:217,(anonymous_16)
FN:220,(anonymous_17)
FN:223,(anonymous_18)
FN:228,(anonymous_19)
FN:236,(anonymous_20)
FN:239,(anonymous_21)
FN:262,(anonymous_22)
FN:264,(anonymous_23)
FN:267,(anonymous_24)
FN:270,(anonymous_25)
FN:273,(anonymous_26)
FN:276,(anonymous_27)
FN:279,(anonymous_28)
FN:282,(anonymous_29)
FN:285,(anonymous_30)
FN:291,(anonymous_31)
FN:299,(anonymous_32)
FN:310,(anonymous_33)
FN:318,(anonymous_34)
FN:325,(anonymous_35)
FN:333,(anonymous_36)
FN:334,(anonymous_37)
FN:347,transformInQuery
FN:368,(anonymous_39)
FN:398,(anonymous_40)
FN:405,transformNotInQuery
FN:426,(anonymous_42)
FN:456,(anonymous_43)
FN:464,(anonymous_44)
FN:471,(anonymous_45)
FN:489,(anonymous_46)
FN:526,(anonymous_47)
FN:533,(anonymous_48)
FN:551,(anonymous_49)
FN:586,(anonymous_50)
FN:593,(anonymous_51)
FN:596,(anonymous_52)
FN:608,(anonymous_53)
FN:625,(anonymous_54)
FN:632,(anonymous_55)
FN:643,(anonymous_56)
FN:650,(anonymous_57)
FN:659,(anonymous_58)
FN:679,(anonymous_59)
FN:686,(anonymous_60)
FN:692,(anonymous_61)
FN:698,(anonymous_62)
FN:699,(anonymous_63)
FN:721,(anonymous_64)
FN:726,(anonymous_65)
FN:731,(anonymous_66)
FN:732,(anonymous_67)
FN:734,(anonymous_68)
FN:739,(anonymous_69)
FN:752,(anonymous_70)
FN:766,(anonymous_71)
FN:802,(anonymous_72)
FN:805,(anonymous_73)
FN:821,includePath
FN:841,(anonymous_75)
FN:861,(anonymous_76)
FN:886,(anonymous_77)
FN:895,(anonymous_78)
FN:902,(anonymous_79)
FN:903,(anonymous_80)
FN:932,findPointers
FN:965,replacePointers
FN:968,(anonymous_83)
FN:969,(anonymous_84)
FN:1001,findObjectWithKey
FNF:86
FNH:0
FNDA:0,RestQuery
FNDA:0,(anonymous_1)
FNDA:0,(anonymous_2)
FNDA:0,(anonymous_3)
FNDA:0,(anonymous_4)
FNDA:0,(anonymous_5)
FNDA:0,(anonymous_6)
FNDA:0,(anonymous_7)
FNDA:0,(anonymous_8)
FNDA:0,(anonymous_9)
FNDA:0,(anonymous_10)
FNDA:0,(anonymous_11)
FNDA:0,(anonymous_12)
FNDA:0,(anonymous_13)
FNDA:0,(anonymous_14)
FNDA:0,(anonymous_15)
FNDA:0,(anonymous_16)
FNDA:0,(anonymous_17)
FNDA:0,(anonymous_18)
FNDA:0,(anonymous_19)
FNDA:0,(anonymous_20)
FNDA:0,(anonymous_21)
FNDA:0,(anonymous_22)
FNDA:0,(anonymous_23)
FNDA:0,(anonymous_24)
FNDA:0,(anonymous_25)
FNDA:0,(anonymous_26)
FNDA:0,(anonymous_27)
FNDA:0,(anonymous_28)
FNDA:0,(anonymous_29)
FNDA:0,(anonymous_30)
FNDA:0,(anonymous_31)
FNDA:0,(anonymous_32)
FNDA:0,(anonymous_33)
FNDA:0,(anonymous_34)
FNDA:0,(anonymous_35)
FNDA:0,(anonymous_36)
FNDA:0,(anonymous_37)
FNDA:0,transformInQuery
FNDA:0,(anonymous_39)
FNDA:0,(anonymous_40)
FNDA:0,transformNotInQuery
FNDA:0,(anonymous_42)
FNDA:0,(anonymous_43)
FNDA:0,(anonymous_44)
FNDA:0,(anonymous_45)
FNDA:0,(anonymous_46)
FNDA:0,(anonymous_47)
FNDA:0,(anonymous_48)
FNDA:0,(anonymous_49)
FNDA:0,(anonymous_50)
FNDA:0,(anonymous_51)
FNDA:0,(anonymous_52)
FNDA:0,(anonymous_53)
FNDA:0,(anonymous_54)
FNDA:0,(anonymous_55)
FNDA:0,(anonymous_56)
FNDA:0,(anonymous_57)
FNDA:0,(anonymous_58)
FNDA:0,(anonymous_59)
FNDA:0,(anonymous_60)
FNDA:0,(anonymous_61)
FNDA:0,(anonymous_62)
FNDA:0,(anonymous_63)
FNDA:0,(anonymous_64)
FNDA:0,(anonymous_65)
FNDA:0,(anonymous_66)
FNDA:0,(anonymous_67)
FNDA:0,(anonymous_68)
FNDA:0,(anonymous_69)
FNDA:0,(anonymous_70)
FNDA:0,(anonymous_71)
FNDA:0,(anonymous_72)
FNDA:0,(anonymous_73)
FNDA:0,includePath
FNDA:0,(anonymous_75)
FNDA:0,(anonymous_76)
FNDA:0,(anonymous_77)
FNDA:0,(anonymous_78)
FNDA:0,(anonymous_79)
FNDA:0,(anonymous_80)
FNDA:0,findPointers
FNDA:0,replacePointers
FNDA:0,(anonymous_83)
FNDA:0,(anonymous_84)
FNDA:0,findObjectWithKey
DA:4,1
DA:5,1
DA:6,1
DA:7,1
DA:8,1
DA:31,0
DA:32,0
DA:33,0
DA:34,0
DA:35,0
DA:36,0
DA:37,0
DA:38,0
DA:39,0
DA:40,0
DA:41,0
DA:42,0
DA:43,0
DA:44,0
DA:46,0
DA:61,0
DA:62,0
DA:70,0
DA:71,0
DA:75,0
DA:76,0
DA:81,0
DA:82,0
DA:85,0
DA:86,0
DA:90,0
DA:95,0
DA:101,0
DA:102,0
DA:103,0
DA:105,0
DA:110,0
DA:111,0
DA:113,0
DA:115,0
DA:117,0
DA:118,0
DA:121,0
DA:123,0
DA:124,0
DA:125,0
DA:128,0
DA:129,0
DA:131,0
DA:132,0
DA:140,0
DA:141,0
DA:143,0
DA:144,0
DA:145,0
DA:146,0
DA:147,0
DA:148,0
DA:149,0
DA:151,0
DA:153,0
DA:155,0
DA:157,0
DA:158,0
DA:159,0
DA:160,0
DA:163,0
DA:167,0
DA:168,0
DA:169,0
DA:173,0
DA:175,0
DA:178,0
DA:180,0
DA:183,0
DA:184,0
DA:185,0
DA:188,0
DA:190,0
DA:200,1
DA:201,0
DA:203,0
DA:206,0
DA:209,0
DA:212,0
DA:215,0
DA:218,0
DA:221,0
DA:224,0
DA:228,1
DA:229,0
DA:231,0
DA:232,0
DA:233,0
DA:235,0
DA:237,0
DA:240,0
DA:250,0
DA:251,0
DA:252,0
DA:253,0
DA:254,0
DA:262,1
DA:263,0
DA:265,0
DA:268,0
DA:271,0
DA:274,0
DA:277,0
DA:280,0
DA:283,0
DA:286,0
DA:291,1
DA:292,0
DA:293,0
DA:296,0
DA:298,0
DA:299,0
DA:300,0
DA:301,0
DA:304,0
DA:310,1
DA:311,0
DA:312,0
DA:316,0
DA:319,0
DA:320,0
DA:325,1
DA:326,0
DA:331,0
DA:333,0
DA:335,0
DA:336,0
DA:343,0
DA:348,0
DA:349,0
DA:350,0
DA:356,0
DA:357,0
DA:358,0
DA:360,0
DA:368,1
DA:369,0
DA:370,0
DA:371,0
DA:375,0
DA:376,0
DA:377,0
DA:380,0
DA:384,0
DA:385,0
DA:386,0
DA:387,0
DA:388,0
DA:391,0
DA:398,0
DA:399,0
DA:401,0
DA:406,0
DA:407,0
DA:408,0
DA:414,0
DA:415,0
DA:416,0
DA:418,0
DA:426,1
DA:427,0
DA:428,0
DA:429,0
DA:433,0
DA:434,0
DA:435,0
DA:438,0
DA:442,0
DA:443,0
DA:444,0
DA:445,0
DA:446,0
DA:449,0
DA:456,0
DA:457,0
DA:459,0
DA:464,1
DA:465,0
DA:466,0
DA:468,0
DA:471,1
DA:472,0
DA:473,0
DA:474,0
DA:476,0
DA:477,0
DA:478,0
DA:480,0
DA:489,1
DA:490,0
DA:491,0
DA:492,0
DA:496,0
DA:498,0
DA:505,0
DA:508,0
DA:512,0
DA:513,0
DA:514,0
DA:515,0
DA:516,0
DA:519,0
DA:526,0
DA:527,0
DA:529,0
DA:533,1
DA:534,0
DA:535,0
DA:536,0
DA:538,0
DA:539,0
DA:540,0
DA:542,0
DA:551,1
DA:552,0
DA:553,0
DA:554,0
DA:558,0
DA:559,0
DA:566,0
DA:568,0
DA:572,0
DA:573,0
DA:574,0
DA:575,0
DA:576,0
DA:579,0
DA:586,0
DA:587,0
DA:589,0
DA:593,1
DA:594,0
DA:595,0
DA:596,0
DA:597,0
DA:598,0
DA:602,0
DA:603,0
DA:608,1
DA:609,0
DA:610,0
DA:612,0
DA:613,0
DA:614,0
DA:615,0
DA:616,0
DA:617,0
DA:618,0
DA:620,0
DA:623,0
DA:624,0
DA:625,0
DA:626,0
DA:629,0
DA:632,1
DA:633,0
DA:634,0
DA:636,0
DA:637,0
DA:643,1
DA:644,0
DA:645,0
DA:646,0
DA:648,0
DA:649,0
DA:650,0
DA:651,0
DA:654,0
DA:655,0
DA:657,0
DA:660,0
DA:661,0
DA:662,0
DA:666,0
DA:668,0
DA:669,0
DA:670,0
DA:673,0
DA:679,1
DA:680,0
DA:681,0
DA:683,0
DA:684,0
DA:685,0
DA:686,0
DA:687,0
DA:692,1
DA:693,0
DA:694,0
DA:696,0
DA:698,0
DA:700,0
DA:701,0
DA:702,0
DA:703,0
DA:707,0
DA:708,0
DA:712,0
DA:714,0
DA:715,0
DA:721,1
DA:722,0
DA:723,0
DA:725,0
DA:726,0
DA:727,0
DA:729,0
DA:731,0
DA:733,0
DA:734,0
DA:739,1
DA:740,0
DA:741,0
DA:744,0
DA:751,0
DA:752,0
DA:753,0
DA:754,0
DA:755,0
DA:757,0
DA:758,0
DA:759,0
DA:762,0
DA:766,1
DA:767,0
DA:768,0
DA:770,0
DA:771,0
DA:774,0
DA:779,0
DA:780,0
DA:783,0
DA:784,0
DA:787,0
DA:788,0
DA:789,0
DA:790,0
DA:792,0
DA:804,0
DA:805,0
DA:806,0
DA:807,0
DA:809,0
DA:810,0
DA:813,0
DA:822,0
DA:823,0
DA:824,0
DA:826,0
DA:827,0
DA:828,0
DA:829,0
DA:831,0
DA:833,0
DA:834,0
DA:835,0
DA:838,0
DA:839,0
DA:840,0
DA:841,0
DA:842,0
DA:843,0
DA:844,0
DA:845,0
DA:846,0
DA:849,0
DA:850,0
DA:852,0
DA:854,0
DA:855,0
DA:859,0
DA:860,0
DA:861,0
DA:862,0
DA:863,0
DA:864,0
DA:865,0
DA:866,0
DA:869,0
DA:870,0
DA:872,0
DA:874,0
DA:875,0
DA:879,0
DA:880,0
DA:881,0
DA:882,0
DA:883,0
DA:886,0
DA:887,0
DA:889,0
DA:890,0
DA:892,0
DA:894,0
DA:895,0
DA:896,0
DA:897,0
DA:902,0
DA:903,0
DA:904,0
DA:905,0
DA:906,0
DA:908,0
DA:909,0
DA:910,0
DA:912,0
DA:914,0
DA:917,0
DA:920,0
DA:921,0
DA:923,0
DA:933,0
DA:934,0
DA:935,0
DA:936,0
DA:938,0
DA:941,0
DA:942,0
DA:945,0
DA:946,0
DA:947,0
DA:949,0
DA:952,0
DA:953,0
DA:954,0
DA:956,0
DA:966,0
DA:967,0
DA:968,0
DA:969,0
DA:972,0
DA:973,0
DA:976,0
DA:977,0
DA:978,0
DA:980,0
DA:983,0
DA:984,0
DA:985,0
DA:987,0
DA:988,0
DA:989,0
DA:990,0
DA:991,0
DA:993,0
DA:996,0
DA:1002,0
DA:1003,0
DA:1005,0
DA:1006,0
DA:1007,0
DA:1008,0
DA:1009,0
DA:1013,0
DA:1014,0
DA:1016,0
DA:1017,0
DA:1018,0
DA:1019,0
DA:1024,1
LF:466
LH:28
BRDA:25,0,0,0
BRDA:26,1,0,0
BRDA:28,2,0,0
BRDA:40,3,0,0
BRDA:40,3,1,0
BRDA:41,4,0,0
BRDA:41,4,1,0
BRDA:42,5,0,0
BRDA:42,5,1,0
BRDA:43,6,0,0
BRDA:43,6,1,0
BRDA:75,7,0,0
BRDA:75,7,1,0
BRDA:81,8,0,0
BRDA:81,8,1,0
BRDA:85,9,0,0
BRDA:85,9,1,0
BRDA:101,10,0,0
BRDA:101,10,1,0
BRDA:102,11,0,0
BRDA:102,11,1,0
BRDA:102,12,0,0
BRDA:102,12,1,0
BRDA:112,13,0,0
BRDA:112,13,1,0
BRDA:112,13,2,0
BRDA:112,13,3,0
BRDA:112,13,4,0
BRDA:112,13,5,0
BRDA:112,13,6,0
BRDA:112,13,7,0
BRDA:112,13,8,0
BRDA:112,13,9,0
BRDA:112,13,10,0
BRDA:112,13,11,0
BRDA:112,13,12,0
BRDA:112,13,13,0
BRDA:112,13,14,0
BRDA:112,13,15,0
BRDA:112,13,16,0
BRDA:146,14,0,0
BRDA:146,14,1,0
BRDA:146,15,0,0
BRDA:146,15,1,0
BRDA:148,16,0,0
BRDA:148,16,1,0
BRDA:158,17,0,0
BRDA:158,17,1,0
BRDA:231,18,0,0
BRDA:231,18,1,0
BRDA:253,19,0,0
BRDA:253,19,1,0
BRDA:292,20,0,0
BRDA:292,20,1,0
BRDA:298,21,0,0
BRDA:298,21,1,0
BRDA:311,22,0,0
BRDA:311,22,1,0
BRDA:326,23,0,0
BRDA:326,23,1,0
BRDA:327,24,0,0
BRDA:327,24,1,0
BRDA:327,24,2,0
BRDA:335,25,0,0
BRDA:335,25,1,0
BRDA:357,26,0,0
BRDA:357,26,1,0
BRDA:370,27,0,0
BRDA:370,27,1,0
BRDA:376,28,0,0
BRDA:376,28,1,0
BRDA:376,29,0,0
BRDA:376,29,1,0
BRDA:384,30,0,0
BRDA:384,30,1,0
BRDA:387,31,0,0
BRDA:387,31,1,0
BRDA:415,32,0,0
BRDA:415,32,1,0
BRDA:428,33,0,0
BRDA:428,33,1,0
BRDA:434,34,0,0
BRDA:434,34,1,0
BRDA:434,35,0,0
BRDA:434,35,1,0
BRDA:442,36,0,0
BRDA:442,36,1,0
BRDA:445,37,0,0
BRDA:445,37,1,0
BRDA:465,38,0,0
BRDA:465,38,1,0
BRDA:477,39,0,0
BRDA:477,39,1,0
BRDA:491,40,0,0
BRDA:491,40,1,0
BRDA:498,41,0,0
BRDA:498,41,1,0
BRDA:499,42,0,0
BRDA:499,42,1,0
BRDA:499,42,2,0
BRDA:499,42,3,0
BRDA:499,42,4,0
BRDA:512,43,0,0
BRDA:512,43,1,0
BRDA:515,44,0,0
BRDA:515,44,1,0
BRDA:539,45,0,0
BRDA:539,45,1,0
BRDA:553,46,0,0
BRDA:553,46,1,0
BRDA:559,47,0,0
BRDA:559,47,1,0
BRDA:560,48,0,0
BRDA:560,48,1,0
BRDA:560,48,2,0
BRDA:560,48,3,0
BRDA:560,48,4,0
BRDA:572,49,0,0
BRDA:572,49,1,0
BRDA:575,50,0,0
BRDA:575,50,1,0
BRDA:595,51,0,0
BRDA:595,51,1,0
BRDA:597,52,0,0
BRDA:597,52,1,0
BRDA:602,53,0,0
BRDA:602,53,1,0
BRDA:609,54,0,0
BRDA:609,54,1,0
BRDA:616,55,0,0
BRDA:616,55,1,0
BRDA:623,56,0,0
BRDA:623,56,1,0
BRDA:623,57,0,0
BRDA:623,57,1,0
BRDA:633,58,0,0
BRDA:633,58,1,0
BRDA:643,59,0,0
BRDA:644,60,0,0
BRDA:644,60,1,0
BRDA:649,61,0,0
BRDA:649,61,1,0
BRDA:654,62,0,0
BRDA:654,62,1,0
BRDA:660,63,0,0
BRDA:660,63,1,0
BRDA:660,64,0,0
BRDA:660,64,1,0
BRDA:668,65,0,0
BRDA:668,65,1,0
BRDA:680,66,0,0
BRDA:680,66,1,0
BRDA:693,67,0,0
BRDA:693,67,1,0
BRDA:703,68,0,0
BRDA:703,68,1,0
BRDA:704,69,0,0
BRDA:704,69,1,0
BRDA:704,69,2,0
BRDA:704,69,3,0
BRDA:714,70,0,0
BRDA:714,70,1,0
BRDA:722,71,0,0
BRDA:722,71,1,0
BRDA:725,72,0,0
BRDA:725,72,1,0
BRDA:740,73,0,0
BRDA:740,73,1,0
BRDA:751,74,0,0
BRDA:751,74,1,0
BRDA:757,75,0,0
BRDA:757,75,1,0
BRDA:767,76,0,0
BRDA:767,76,1,0
BRDA:770,77,0,0
BRDA:770,77,1,0
BRDA:779,78,0,0
BRDA:779,78,1,0
BRDA:783,79,0,0
BRDA:783,79,1,0
BRDA:783,80,0,0
BRDA:783,80,1,0
BRDA:804,81,0,0
BRDA:804,81,1,0
BRDA:806,82,0,0
BRDA:806,82,1,0
BRDA:821,83,0,0
BRDA:823,84,0,0
BRDA:823,84,1,0
BRDA:828,85,0,0
BRDA:828,85,1,0
BRDA:833,86,0,0
BRDA:833,86,1,0
BRDA:834,87,0,0
BRDA:834,87,1,0
BRDA:839,88,0,0
BRDA:839,88,1,0
BRDA:845,89,0,0
BRDA:845,89,1,0
BRDA:849,90,0,0
BRDA:849,90,1,0
BRDA:854,91,0,0
BRDA:854,91,1,0
BRDA:859,92,0,0
BRDA:859,92,1,0
BRDA:865,93,0,0
BRDA:865,93,1,0
BRDA:869,94,0,0
BRDA:869,94,1,0
BRDA:874,95,0,0
BRDA:874,95,1,0
BRDA:879,96,0,0
BRDA:879,96,1,0
BRDA:882,97,0,0
BRDA:882,97,1,0
BRDA:889,98,0,0
BRDA:889,98,1,0
BRDA:908,99,0,0
BRDA:908,99,1,0
BRDA:908,100,0,0
BRDA:908,100,1,0
BRDA:920,101,0,0
BRDA:920,101,1,0
BRDA:933,102,0,0
BRDA:933,102,1,0
BRDA:941,103,0,0
BRDA:941,103,1,0
BRDA:941,104,0,0
BRDA:941,104,1,0
BRDA:945,105,0,0
BRDA:945,105,1,0
BRDA:946,106,0,0
BRDA:946,106,1,0
BRDA:946,107,0,0
BRDA:946,107,1,0
BRDA:953,108,0,0
BRDA:953,108,1,0
BRDA:966,109,0,0
BRDA:966,109,1,0
BRDA:972,110,0,0
BRDA:972,110,1,0
BRDA:972,111,0,0
BRDA:972,111,1,0
BRDA:976,112,0,0
BRDA:976,112,1,0
BRDA:977,113,0,0
BRDA:977,113,1,0
BRDA:977,114,0,0
BRDA:977,114,1,0
BRDA:984,115,0,0
BRDA:984,115,1,0
BRDA:990,116,0,0
BRDA:990,116,1,0
BRDA:1002,117,0,0
BRDA:1002,117,1,0
BRDA:1005,118,0,0
BRDA:1005,118,1,0
BRDA:1008,119,0,0
BRDA:1008,119,1,0
BRDA:1013,120,0,0
BRDA:1013,120,1,0
BRDA:1013,121,0,0
BRDA:1013,121,1,0
BRDA:1018,122,0,0
BRDA:1018,122,1,0
BRF:265
BRH:0
end_of_record
TN:
SF:src/RestWrite.js
FN:27,RestWrite
FN:90,(anonymous_2)
FN:92,(anonymous_3)
FN:95,(anonymous_4)
FN:98,(anonymous_5)
FN:101,(anonymous_6)
FN:104,(anonymous_7)
FN:107,(anonymous_8)
FN:110,(anonymous_9)
FN:113,(anonymous_10)
FN:116,(anonymous_11)
FN:120,(anonymous_12)
FN:123,(anonymous_13)
FN:126,(anonymous_14)
FN:129,(anonymous_15)
FN:132,(anonymous_16)
FN:135,(anonymous_17)
FN:138,(anonymous_18)
FN:141,(anonymous_19)
FN:144,(anonymous_20)
FN:150,(anonymous_21)
FN:158,(anonymous_22)
FN:168,(anonymous_23)
FN:176,(anonymous_24)
FN:177,(anonymous_25)
FN:191,(anonymous_26)
FN:202,(anonymous_27)
FN:228,(anonymous_28)
FN:251,(anonymous_29)
FN:257,(anonymous_30)
FN:267,(anonymous_31)
FN:271,(anonymous_32)
FN:288,(anonymous_33)
FN:315,(anonymous_34)
FN:317,(anonymous_35)
FN:318,(anonymous_36)
FN:319,(anonymous_37)
FN:355,(anonymous_38)
FN:360,(anonymous_39)
FN:372,(anonymous_40)
FN:403,(anonymous_41)
FN:418,(anonymous_42)
FN:419,(anonymous_43)
FN:435,(anonymous_44)
FN:438,(anonymous_45)
FN:448,(anonymous_46)
FN:460,(anonymous_47)
FN:464,(anonymous_48)
FN:473,(anonymous_49)
FN:475,(anonymous_50)
FN:483,(anonymous_51)
FN:526,(anonymous_52)
FN:533,(anonymous_53)
FN:560,(anonymous_54)
FN:570,(anonymous_55)
FN:594,(anonymous_56)
FN:595,(anonymous_57)
FN:602,(anonymous_58)
FN:617,(anonymous_59)
FN:618,(anonymous_60)
FN:624,(anonymous_61)
FN:627,(anonymous_62)
FN:632,(anonymous_63)
FN:659,(anonymous_64)
FN:682,(anonymous_65)
FN:704,(anonymous_66)
FN:724,(anonymous_67)
FN:726,(anonymous_68)
FN:731,(anonymous_69)
FN:763,(anonymous_70)
FN:778,(anonymous_71)
FN:787,(anonymous_72)
FN:801,(anonymous_73)
FN:802,(anonymous_74)
FN:811,(anonymous_75)
FN:814,(anonymous_76)
FN:830,(anonymous_77)
FN:853,(anonymous_78)
FN:880,(anonymous_79)
FN:905,(anonymous_80)
FN:911,(anonymous_81)
FN:926,(anonymous_82)
FN:952,(anonymous_83)
FN:982,(anonymous_84)
FN:1023,(anonymous_85)
FN:1042,(anonymous_86)
FN:1114,(anonymous_87)
FN:1123,(anonymous_88)
FN:1124,(anonymous_89)
FN:1178,(anonymous_90)
FN:1211,(anonymous_91)
FN:1229,(anonymous_92)
FN:1232,(anonymous_93)
FN:1270,(anonymous_94)
FN:1284,(anonymous_95)
FN:1298,(anonymous_96)
FN:1305,(anonymous_97)
FN:1363,(anonymous_98)
FN:1386,(anonymous_99)
FN:1398,(anonymous_100)
FN:1427,(anonymous_101)
FN:1460,(anonymous_102)
FN:1473,(anonymous_103)
FN:1486,(anonymous_104)
FN:1504,(anonymous_105)
FN:1536,(anonymous_106)
FN:1557,(anonymous_107)
FN:1562,(anonymous_108)
FN:1568,(anonymous_109)
FN:1576,(anonymous_110)
FN:1581,(anonymous_111)
FN:1582,(anonymous_112)
FN:1593,(anonymous_113)
FN:1604,(anonymous_114)
FN:1634,(anonymous_115)
FN:1638,(anonymous_116)
FN:1650,(anonymous_117)
FN:1655,(anonymous_118)
FNF:118
FNH:44
FNDA:1,RestWrite
FNDA:1,(anonymous_2)
FNDA:1,(anonymous_3)
FNDA:1,(anonymous_4)
FNDA:1,(anonymous_5)
FNDA:1,(anonymous_6)
FNDA:1,(anonymous_7)
FNDA:1,(anonymous_8)
FNDA:1,(anonymous_9)
FNDA:1,(anonymous_10)
FNDA:1,(anonymous_11)
FNDA:1,(anonymous_12)
FNDA:1,(anonymous_13)
FNDA:1,(anonymous_14)
FNDA:1,(anonymous_15)
FNDA:1,(anonymous_16)
FNDA:1,(anonymous_17)
FNDA:1,(anonymous_18)
FNDA:1,(anonymous_19)
FNDA:1,(anonymous_20)
FNDA:1,(anonymous_21)
FNDA:0,(anonymous_22)
FNDA:1,(anonymous_23)
FNDA:0,(anonymous_24)
FNDA:0,(anonymous_25)
FNDA:1,(anonymous_26)
FNDA:1,(anonymous_27)
FNDA:0,(anonymous_28)
FNDA:0,(anonymous_29)
FNDA:0,(anonymous_30)
FNDA:0,(anonymous_31)
FNDA:0,(anonymous_32)
FNDA:0,(anonymous_33)
FNDA:1,(anonymous_34)
FNDA:1,(anonymous_35)
FNDA:3,(anonymous_36)
FNDA:8,(anonymous_37)
FNDA:8,(anonymous_38)
FNDA:0,(anonymous_39)
FNDA:1,(anonymous_40)
FNDA:0,(anonymous_41)
FNDA:0,(anonymous_42)
FNDA:0,(anonymous_43)
FNDA:0,(anonymous_44)
FNDA:0,(anonymous_45)
FNDA:0,(anonymous_46)
FNDA:0,(anonymous_47)
FNDA:0,(anonymous_48)
FNDA:0,(anonymous_49)
FNDA:0,(anonymous_50)
FNDA:0,(anonymous_51)
FNDA:0,(anonymous_52)
FNDA:0,(anonymous_53)
FNDA:0,(anonymous_54)
FNDA:1,(anonymous_55)
FNDA:0,(anonymous_56)
FNDA:0,(anonymous_57)
FNDA:0,(anonymous_58)
FNDA:0,(anonymous_59)
FNDA:0,(anonymous_60)
FNDA:0,(anonymous_61)
FNDA:0,(anonymous_62)
FNDA:0,(anonymous_63)
FNDA:0,(anonymous_64)
FNDA:0,(anonymous_65)
FNDA:0,(anonymous_66)
FNDA:0,(anonymous_67)
FNDA:0,(anonymous_68)
FNDA:0,(anonymous_69)
FNDA:0,(anonymous_70)
FNDA:0,(anonymous_71)
FNDA:0,(anonymous_72)
FNDA:0,(anonymous_73)
FNDA:0,(anonymous_74)
FNDA:0,(anonymous_75)
FNDA:0,(anonymous_76)
FNDA:1,(anonymous_77)
FNDA:0,(anonymous_78)
FNDA:0,(anonymous_79)
FNDA:0,(anonymous_80)
FNDA:1,(anonymous_81)
FNDA:1,(anonymous_82)
FNDA:1,(anonymous_83)
FNDA:1,(anonymous_84)
FNDA:0,(anonymous_85)
FNDA:1,(anonymous_86)
FNDA:0,(anonymous_87)
FNDA:0,(anonymous_88)
FNDA:0,(anonymous_89)
FNDA:0,(anonymous_90)
FNDA:0,(anonymous_91)
FNDA:0,(anonymous_92)
FNDA:0,(anonymous_93)
FNDA:0,(anonymous_94)
FNDA:0,(anonymous_95)
FNDA:1,(anonymous_96)
FNDA:1,(anonymous_97)
FNDA:0,(anonymous_98)
FNDA:0,(anonymous_99)
FNDA:0,(anonymous_100)
FNDA:0,(anonymous_101)
FNDA:0,(anonymous_102)
FNDA:0,(anonymous_103)
FNDA:1,(anonymous_104)
FNDA:1,(anonymous_105)
FNDA:0,(anonymous_106)
FNDA:0,(anonymous_107)
FNDA:0,(anonymous_108)
FNDA:1,(anonymous_109)
FNDA:0,(anonymous_110)
FNDA:0,(anonymous_111)
FNDA:0,(anonymous_112)
FNDA:0,(anonymous_113)
FNDA:0,(anonymous_114)
FNDA:1,(anonymous_115)
FNDA:0,(anonymous_116)
FNDA:1,(anonymous_117)
FNDA:0,(anonymous_118)
DA:5,1
DA:6,1
DA:8,1
DA:9,1
DA:10,1
DA:11,1
DA:12,1
DA:13,1
DA:14,1
DA:15,1
DA:16,1
DA:28,1
DA:29,0
DA:34,1
DA:35,1
DA:36,1
DA:37,1
DA:38,1
DA:39,1
DA:40,1
DA:42,1
DA:43,0
DA:46,1
DA:47,1
DA:48,0
DA:49,0
DA:55,1
DA:56,0
DA:58,1
DA:59,0
DA:69,1
DA:73,1
DA:74,1
DA:76,1
DA:79,1
DA:83,1
DA:90,1
DA:91,1
DA:93,1
DA:96,1
DA:99,1
DA:102,1
DA:105,1
DA:108,1
DA:111,1
DA:114,1
DA:117,1
DA:118,1
DA:121,1
DA:124,1
DA:127,1
DA:130,1
DA:133,1
DA:136,1
DA:139,1
DA:142,1
DA:145,1
DA:150,1
DA:151,1
DA:152,0
DA:155,1
DA:157,1
DA:158,0
DA:159,0
DA:160,0
DA:163,1
DA:168,1
DA:169,1
DA:174,0
DA:176,0
DA:178,0
DA:179,0
DA:186,1
DA:191,1
DA:192,1
DA:202,1
DA:203,1
DA:204,0
DA:208,1
DA:211,1
DA:215,0
DA:216,0
DA:217,0
DA:220,0
DA:221,0
DA:222,0
DA:224,0
DA:227,0
DA:230,0
DA:231,0
DA:233,0
DA:243,0
DA:251,0
DA:252,0
DA:253,0
DA:258,0
DA:268,0
DA:269,0
DA:272,0
DA:273,0
DA:275,0
DA:279,0
DA:281,0
DA:282,0
DA:288,1
DA:290,0
DA:293,0
DA:297,0
DA:300,0
DA:302,0
DA:305,0
DA:315,1
DA:316,1
DA:317,1
DA:318,3
DA:319,1
DA:320,8
DA:326,2
DA:334,0
DA:335,0
DA:336,0
DA:337,0
DA:339,2
DA:340,0
DA:346,1
DA:347,1
DA:348,1
DA:351,1
DA:352,1
DA:354,1
DA:355,1
DA:356,8
DA:359,0
DA:360,0
DA:361,0
DA:366,0
DA:372,1
DA:373,1
DA:374,1
DA:377,0
DA:378,0
DA:379,0
DA:381,0
DA:382,0
DA:386,0
DA:391,0
DA:392,0
DA:394,0
DA:400,0
DA:401,0
DA:402,0
DA:403,0
DA:404,0
DA:405,0
DA:406,0
DA:408,0
DA:409,0
DA:412,0
DA:418,1
DA:419,0
DA:420,0
DA:421,0
DA:423,0
DA:424,0
DA:425,0
DA:430,0
DA:432,0
DA:435,1
DA:436,0
DA:437,0
DA:439,0
DA:440,0
DA:442,0
DA:443,0
DA:444,0
DA:445,0
DA:446,0
DA:449,0
DA:452,0
DA:453,0
DA:454,0
DA:457,0
DA:460,1
DA:461,0
DA:462,0
DA:464,0
DA:465,0
DA:466,0
DA:469,0
DA:473,1
DA:475,0
DA:476,0
DA:478,0
DA:479,0
DA:481,0
DA:482,0
DA:483,0
DA:484,0
DA:485,0
DA:486,0
DA:487,0
DA:490,0
DA:492,0
DA:493,0
DA:494,0
DA:495,0
DA:497,0
DA:501,0
DA:504,0
DA:506,0
DA:508,0
DA:515,0
DA:519,0
DA:520,0
DA:526,0
DA:531,0
DA:533,0
DA:534,0
DA:540,0
DA:548,0
DA:551,0
DA:552,0
DA:555,0
DA:556,0
DA:560,0
DA:561,0
DA:563,0
DA:570,1
DA:571,1
DA:573,1
DA:574,1
DA:577,0
DA:578,0
DA:579,0
DA:583,0
DA:586,0
DA:595,0
DA:596,0
DA:601,0
DA:604,0
DA:606,0
DA:609,0
DA:610,0
DA:612,0
DA:613,0
DA:617,0
DA:618,0
DA:619,0
DA:620,0
DA:625,0
DA:628,0
DA:632,1
DA:634,0
DA:635,0
DA:636,0
DA:637,0
DA:639,0
DA:648,0
DA:660,0
DA:661,0
DA:666,0
DA:682,1
DA:683,0
DA:684,0
DA:687,0
DA:688,0
DA:693,0
DA:705,0
DA:706,0
DA:711,0
DA:718,0
DA:719,0
DA:724,1
DA:725,0
DA:726,0
DA:727,0
DA:731,1
DA:740,0
DA:743,0
DA:746,0
DA:752,0
DA:756,0
DA:757,0
DA:759,0
DA:760,0
DA:763,0
DA:764,0
DA:765,0
DA:767,0
DA:768,0
DA:771,0
DA:775,0
DA:778,1
DA:780,0
DA:781,0
DA:788,0
DA:789,0
DA:791,0
DA:792,0
DA:793,0
DA:794,0
DA:798,0
DA:799,0
DA:801,0
DA:802,0
DA:803,0
DA:805,0
DA:806,0
DA:810,0
DA:812,0
DA:815,0
DA:817,0
DA:823,0
DA:827,0
DA:830,1
DA:831,1
DA:832,1
DA:835,0
DA:836,0
DA:839,0
DA:840,0
DA:842,0
DA:848,0
DA:850,0
DA:853,1
DA:856,0
DA:857,0
DA:860,0
DA:861,0
DA:864,0
DA:873,0
DA:874,0
DA:877,0
DA:880,1
DA:884,0
DA:885,0
DA:886,0
DA:897,0
DA:898,0
DA:901,0
DA:903,0
DA:906,0
DA:911,1
DA:912,1
DA:914,1
DA:917,0
DA:918,0
DA:922,0
DA:926,1
DA:928,1
DA:929,1
DA:932,0
DA:933,0
DA:934,0
DA:936,0
DA:937,0
DA:939,0
DA:952,1
DA:953,1
DA:954,0
DA:961,0
DA:962,0
DA:967,1
DA:968,0
DA:969,0
DA:972,1
DA:973,0
DA:975,0
DA:976,0
DA:982,1
DA:983,1
DA:984,1
DA:987,0
DA:988,0
DA:992,0
DA:993,0
DA:996,0
DA:997,0
DA:998,0
DA:999,0
DA:1000,0
DA:1001,0
DA:1002,0
DA:1006,0
DA:1007,0
DA:1008,0
DA:1009,0
DA:1010,0
DA:1012,0
DA:1015,0
DA:1023,0
DA:1024,0
DA:1025,0
DA:1027,0
DA:1028,0
DA:1042,1
DA:1043,1
DA:1044,1
DA:1047,0
DA:1053,0
DA:1061,0
DA:1062,0
DA:1066,0
DA:1067,0
DA:1070,0
DA:1073,0
DA:1074,0
DA:1077,0
DA:1078,0
DA:1082,0
DA:1083,0
DA:1086,0
DA:1091,0
DA:1094,0
DA:1095,0
DA:1096,0
DA:1100,0
DA:1101,0
DA:1105,0
DA:1106,0
DA:1109,0
DA:1110,0
DA:1113,0
DA:1115,0
DA:1124,0
DA:1125,0
DA:1126,0
DA:1128,0
DA:1129,0
DA:1131,0
DA:1132,0
DA:1137,0
DA:1138,0
DA:1139,0
DA:1141,0
DA:1146,0
DA:1148,0
DA:1155,0
DA:1157,0
DA:1162,0
DA:1166,0
DA:1167,0
DA:1170,0
DA:1171,0
DA:1174,0
DA:1175,0
DA:1179,0
DA:1180,0
DA:1181,0
DA:1182,0
DA:1189,0
DA:1190,0
DA:1191,0
DA:1202,0
DA:1208,0
DA:1209,0
DA:1211,0
DA:1212,0
DA:1214,0
DA:1217,0
DA:1219,0
DA:1222,0
DA:1226,0
DA:1227,0
DA:1230,0
DA:1233,0
DA:1235,0
DA:1238,0
DA:1241,0
DA:1245,0
DA:1250,0
DA:1251,0
DA:1254,0
DA:1260,0
DA:1265,0
DA:1267,0
DA:1268,0
DA:1270,0
DA:1271,0
DA:1273,0
DA:1276,0
DA:1280,0
DA:1285,0
DA:1286,0
DA:1287,0
DA:1288,0
DA:1292,0
DA:1298,1
DA:1300,1
DA:1301,0
DA:1305,1
DA:1306,1
DA:1307,0
DA:1310,1
DA:1311,0
DA:1314,1
DA:1315,0
DA:1321,1
DA:1322,0
DA:1327,1
DA:1328,0
DA:1331,1
DA:1334,0
DA:1335,0
DA:1338,0
DA:1344,0
DA:1347,0
DA:1349,0
DA:1351,0
DA:1357,0
DA:1364,0
DA:1365,0
DA:1367,0
DA:1368,0
DA:1369,0
DA:1370,0
DA:1376,0
DA:1379,0
DA:1381,0
DA:1382,0
DA:1386,0
DA:1388,0
DA:1399,0
DA:1400,0
DA:1401,0
DA:1406,1
DA:1407,0
DA:1409,0
DA:1410,0
DA:1411,0
DA:1412,0
DA:1416,0
DA:1417,0
DA:1419,0
DA:1420,0
DA:1425,1
DA:1428,0
DA:1429,0
DA:1433,0
DA:1434,0
DA:1440,0
DA:1441,0
DA:1451,0
DA:1461,0
DA:1462,0
DA:1467,0
DA:1474,0
DA:1475,0
DA:1480,0
DA:1487,1
DA:1488,1
DA:1490,1
DA:1491,0
DA:1493,1
DA:1494,1
DA:1504,1
DA:1505,1
DA:1506,0
DA:1510,1
DA:1515,1
DA:1516,1
DA:1517,1
DA:1520,0
DA:1521,0
DA:1522,0
DA:1527,0
DA:1528,0
DA:1533,0
DA:1534,0
DA:1536,0
DA:1538,0
DA:1539,0
DA:1548,0
DA:1558,0
DA:1559,0
DA:1563,0
DA:1568,1
DA:1569,1
DA:1570,1
DA:1571,1
DA:1576,1
DA:1577,0
DA:1581,1
DA:1582,0
DA:1584,0
DA:1585,0
DA:1587,0
DA:1589,0
DA:1593,1
DA:1594,0
DA:1595,0
DA:1598,0
DA:1599,0
DA:1600,0
DA:1603,0
DA:1604,0
DA:1605,0
DA:1606,0
DA:1607,0
DA:1608,0
DA:1612,0
DA:1613,0
DA:1614,0
DA:1615,0
DA:1616,0
DA:1618,0
DA:1619,0
DA:1621,0
DA:1623,0
DA:1626,0
DA:1627,0
DA:1628,0
DA:1630,0
DA:1631,0
DA:1634,1
DA:1635,1
DA:1636,0
DA:1637,0
DA:1638,0
DA:1639,0
DA:1640,0
DA:1643,0
DA:1644,0
DA:1650,1
DA:1651,1
DA:1652,1
DA:1654,0
DA:1655,0
DA:1656,0
DA:1658,0
DA:1659,0
DA:1663,0
DA:1664,0
DA:1665,0
DA:1666,0
DA:1670,0
DA:1673,1
DA:1674,1
LF:638
LH:155
BRDA:28,0,0,0
BRDA:28,0,1,1
BRDA:40,1,0,1
BRDA:40,1,1,0
BRDA:42,2,0,0
BRDA:42,2,1,1
BRDA:46,3,0,1
BRDA:46,3,1,0
BRDA:47,4,0,0
BRDA:47,4,1,1
BRDA:48,5,0,0
BRDA:48,5,1,0
BRDA:48,6,0,0
BRDA:48,6,1,0
BRDA:55,7,0,0
BRDA:55,7,1,1
BRDA:58,8,0,0
BRDA:58,8,1,1
BRDA:151,9,0,0
BRDA:151,9,1,1
BRDA:157,10,0,0
BRDA:157,10,1,1
BRDA:169,11,0,0
BRDA:169,11,1,1
BRDA:170,12,0,1
BRDA:170,12,1,0
BRDA:170,12,2,0
BRDA:178,13,0,0
BRDA:178,13,1,0
BRDA:203,14,0,0
BRDA:203,14,1,1
BRDA:208,15,0,1
BRDA:208,15,1,0
BRDA:216,16,0,0
BRDA:216,16,1,0
BRDA:216,17,0,0
BRDA:216,17,1,0
BRDA:222,18,0,0
BRDA:222,18,1,0
BRDA:222,19,0,0
BRDA:222,19,1,0
BRDA:231,20,0,0
BRDA:231,20,1,0
BRDA:252,21,0,0
BRDA:252,21,1,0
BRDA:252,22,0,0
BRDA:252,22,1,0
BRDA:268,23,0,0
BRDA:268,23,1,0
BRDA:268,24,0,0
BRDA:268,24,1,0
BRDA:272,25,0,0
BRDA:272,25,1,0
BRDA:281,26,0,0
BRDA:281,26,1,0
BRDA:281,27,0,0
BRDA:281,27,1,0
BRDA:290,28,0,0
BRDA:290,28,1,0
BRDA:316,29,0,1
BRDA:316,29,1,0
BRDA:320,30,0,2
BRDA:320,30,1,6
BRDA:321,31,0,8
BRDA:321,31,1,6
BRDA:321,31,2,6
BRDA:321,31,3,6
BRDA:321,31,4,0
BRDA:326,32,0,0
BRDA:326,32,1,2
BRDA:327,33,0,2
BRDA:327,33,1,2
BRDA:327,33,2,2
BRDA:327,33,3,2
BRDA:327,33,4,0
BRDA:327,33,5,0
BRDA:327,33,6,0
BRDA:335,34,0,0
BRDA:335,34,1,0
BRDA:336,35,0,0
BRDA:336,35,1,0
BRDA:339,36,0,0
BRDA:339,36,1,2
BRDA:339,37,0,2
BRDA:339,37,1,2
BRDA:347,38,0,1
BRDA:347,38,1,0
BRDA:351,39,0,1
BRDA:351,39,1,0
BRDA:354,40,0,1
BRDA:354,40,1,0
BRDA:359,41,0,0
BRDA:359,41,1,0
BRDA:373,42,0,1
BRDA:373,42,1,0
BRDA:377,43,0,0
BRDA:377,43,1,0
BRDA:377,44,0,0
BRDA:377,44,1,0
BRDA:378,45,0,0
BRDA:378,45,1,0
BRDA:378,46,0,0
BRDA:378,46,1,0
BRDA:381,47,0,0
BRDA:381,47,1,0
BRDA:381,48,0,0
BRDA:381,48,1,0
BRDA:386,49,0,0
BRDA:386,49,1,0
BRDA:387,50,0,0
BRDA:387,50,1,0
BRDA:387,50,2,0
BRDA:392,51,0,0
BRDA:392,51,1,0
BRDA:392,52,0,0
BRDA:392,52,1,0
BRDA:402,53,0,0
BRDA:402,53,1,0
BRDA:405,54,0,0
BRDA:405,54,1,0
BRDA:406,55,0,0
BRDA:406,55,1,0
BRDA:406,55,2,0
BRDA:408,56,0,0
BRDA:408,56,1,0
BRDA:420,57,0,0
BRDA:420,57,1,0
BRDA:424,58,0,0
BRDA:424,58,1,0
BRDA:439,59,0,0
BRDA:439,59,1,0
BRDA:453,60,0,0
BRDA:453,60,1,0
BRDA:461,61,0,0
BRDA:461,61,1,0
BRDA:465,62,0,0
BRDA:465,62,1,0
BRDA:469,63,0,0
BRDA:469,63,1,0
BRDA:478,64,0,0
BRDA:478,64,1,0
BRDA:486,65,0,0
BRDA:486,65,1,0
BRDA:492,66,0,0
BRDA:492,66,1,0
BRDA:492,67,0,0
BRDA:492,67,1,0
BRDA:494,68,0,0
BRDA:494,68,1,0
BRDA:494,69,0,0
BRDA:494,69,1,0
BRDA:494,69,2,0
BRDA:497,70,0,0
BRDA:497,70,1,0
BRDA:497,71,0,0
BRDA:497,71,1,0
BRDA:506,72,0,0
BRDA:506,72,1,0
BRDA:506,73,0,0
BRDA:506,73,1,0
BRDA:519,74,0,0
BRDA:519,74,1,0
BRDA:531,75,0,0
BRDA:531,75,1,0
BRDA:548,76,0,0
BRDA:548,76,1,0
BRDA:551,77,0,0
BRDA:551,77,1,0
BRDA:555,78,0,0
BRDA:555,78,1,0
BRDA:561,79,0,0
BRDA:561,79,1,0
BRDA:573,80,0,1
BRDA:573,80,1,0
BRDA:577,81,0,0
BRDA:577,81,1,0
BRDA:577,82,0,0
BRDA:577,82,1,0
BRDA:583,83,0,0
BRDA:583,83,1,0
BRDA:583,84,0,0
BRDA:583,84,1,0
BRDA:604,85,0,0
BRDA:604,85,1,0
BRDA:609,86,0,0
BRDA:609,86,1,0
BRDA:612,87,0,0
BRDA:612,87,1,0
BRDA:634,88,0,0
BRDA:634,88,1,0
BRDA:635,89,0,0
BRDA:635,89,1,0
BRDA:660,90,0,0
BRDA:660,90,1,0
BRDA:683,91,0,0
BRDA:683,91,1,0
BRDA:683,92,0,0
BRDA:683,92,1,0
BRDA:687,93,0,0
BRDA:687,93,1,0
BRDA:705,94,0,0
BRDA:705,94,1,0
BRDA:711,95,0,0
BRDA:711,95,1,0
BRDA:712,96,0,0
BRDA:712,96,1,0
BRDA:712,96,2,0
BRDA:712,96,3,0
BRDA:725,97,0,0
BRDA:725,97,1,0
BRDA:741,98,0,0
BRDA:741,98,1,0
BRDA:746,99,0,0
BRDA:746,99,1,0
BRDA:747,100,0,0
BRDA:747,100,1,0
BRDA:747,100,2,0
BRDA:747,100,3,0
BRDA:756,101,0,0
BRDA:756,101,1,0
BRDA:757,102,0,0
BRDA:757,102,1,0
BRDA:759,103,0,0
BRDA:759,103,1,0
BRDA:764,104,0,0
BRDA:764,104,1,0
BRDA:767,105,0,0
BRDA:767,105,1,0
BRDA:780,106,0,0
BRDA:780,106,1,0
BRDA:780,107,0,0
BRDA:780,107,1,0
BRDA:788,108,0,0
BRDA:788,108,1,0
BRDA:793,109,0,0
BRDA:793,109,1,0
BRDA:803,110,0,0
BRDA:803,110,1,0
BRDA:815,111,0,0
BRDA:815,111,1,0
BRDA:831,112,0,1
BRDA:831,112,1,0
BRDA:835,113,0,0
BRDA:835,113,1,0
BRDA:835,114,0,0
BRDA:835,114,1,0
BRDA:839,115,0,0
BRDA:839,115,1,0
BRDA:839,116,0,0
BRDA:839,116,1,0
BRDA:842,117,0,0
BRDA:842,117,1,0
BRDA:843,118,0,0
BRDA:843,118,1,0
BRDA:843,118,2,0
BRDA:856,119,0,0
BRDA:856,119,1,0
BRDA:856,120,0,0
BRDA:856,120,1,0
BRDA:860,121,0,0
BRDA:860,121,1,0
BRDA:860,122,0,0
BRDA:860,122,1,0
BRDA:867,123,0,0
BRDA:867,123,1,0
BRDA:868,124,0,0
BRDA:868,124,1,0
BRDA:873,125,0,0
BRDA:873,125,1,0
BRDA:873,126,0,0
BRDA:873,126,1,0
BRDA:897,127,0,0
BRDA:897,127,1,0
BRDA:912,128,0,1
BRDA:912,128,1,0
BRDA:912,129,0,1
BRDA:912,129,1,0
BRDA:917,130,0,0
BRDA:917,130,1,0
BRDA:917,131,0,0
BRDA:917,131,1,0
BRDA:928,132,0,1
BRDA:928,132,1,0
BRDA:928,133,0,1
BRDA:928,133,1,0
BRDA:933,134,0,0
BRDA:933,134,1,0
BRDA:933,135,0,0
BRDA:933,135,1,0
BRDA:936,136,0,0
BRDA:936,136,1,0
BRDA:953,137,0,0
BRDA:953,137,1,1
BRDA:953,138,0,1
BRDA:953,138,1,1
BRDA:953,138,2,0
BRDA:967,139,0,0
BRDA:967,139,1,1
BRDA:967,140,0,1
BRDA:967,140,1,1
BRDA:972,141,0,0
BRDA:972,141,1,1
BRDA:972,142,0,1
BRDA:972,142,1,1
BRDA:983,143,0,1
BRDA:983,143,1,0
BRDA:983,144,0,1
BRDA:983,144,1,1
BRDA:987,145,0,0
BRDA:987,145,1,0
BRDA:987,146,0,0
BRDA:987,146,1,0
BRDA:992,147,0,0
BRDA:992,147,1,0
BRDA:996,148,0,0
BRDA:996,148,1,0
BRDA:997,149,0,0
BRDA:997,149,1,0
BRDA:997,150,0,0
BRDA:997,150,1,0
BRDA:997,150,2,0
BRDA:999,151,0,0
BRDA:999,151,1,0
BRDA:1001,152,0,0
BRDA:1001,152,1,0
BRDA:1006,153,0,0
BRDA:1006,153,1,0
BRDA:1006,154,0,0
BRDA:1006,154,1,0
BRDA:1009,155,0,0
BRDA:1009,155,1,0
BRDA:1009,156,0,0
BRDA:1009,156,1,0
BRDA:1024,157,0,0
BRDA:1024,157,1,0
BRDA:1043,158,0,1
BRDA:1043,158,1,0
BRDA:1043,159,0,1
BRDA:1043,159,1,1
BRDA:1047,160,0,0
BRDA:1047,160,1,0
BRDA:1048,161,0,0
BRDA:1048,161,1,0
BRDA:1048,161,2,0
BRDA:1048,161,3,0
BRDA:1061,162,0,0
BRDA:1061,162,1,0
BRDA:1061,163,0,0
BRDA:1061,163,1,0
BRDA:1066,164,0,0
BRDA:1066,164,1,0
BRDA:1073,165,0,0
BRDA:1073,165,1,0
BRDA:1073,166,0,0
BRDA:1073,166,1,0
BRDA:1077,167,0,0
BRDA:1077,167,1,0
BRDA:1082,168,0,0
BRDA:1082,168,1,0
BRDA:1082,169,0,0
BRDA:1082,169,1,0
BRDA:1082,169,2,0
BRDA:1082,169,3,0
BRDA:1095,170,0,0
BRDA:1095,170,1,0
BRDA:1095,171,0,0
BRDA:1095,171,1,0
BRDA:1100,172,0,0
BRDA:1100,172,1,0
BRDA:1105,173,0,0
BRDA:1105,173,1,0
BRDA:1109,174,0,0
BRDA:1109,174,1,0
BRDA:1125,175,0,0
BRDA:1125,175,1,0
BRDA:1125,176,0,0
BRDA:1125,176,1,0
BRDA:1125,176,2,0
BRDA:1128,177,0,0
BRDA:1128,177,1,0
BRDA:1131,178,0,0
BRDA:1131,178,1,0
BRDA:1137,179,0,0
BRDA:1137,179,1,0
BRDA:1137,180,0,0
BRDA:1137,180,1,0
BRDA:1138,181,0,0
BRDA:1138,181,1,0
BRDA:1141,182,0,0
BRDA:1141,182,1,0
BRDA:1142,183,0,0
BRDA:1142,183,1,0
BRDA:1142,183,2,0
BRDA:1148,184,0,0
BRDA:1148,184,1,0
BRDA:1149,185,0,0
BRDA:1149,185,1,0
BRDA:1149,185,2,0
BRDA:1149,185,3,0
BRDA:1149,185,4,0
BRDA:1157,186,0,0
BRDA:1157,186,1,0
BRDA:1158,187,0,0
BRDA:1158,187,1,0
BRDA:1158,187,2,0
BRDA:1166,188,0,0
BRDA:1166,188,1,0
BRDA:1166,189,0,0
BRDA:1166,189,1,0
BRDA:1166,189,2,0
BRDA:1170,190,0,0
BRDA:1170,190,1,0
BRDA:1170,191,0,0
BRDA:1170,191,1,0
BRDA:1174,192,0,0
BRDA:1174,192,1,0
BRDA:1174,193,0,0
BRDA:1174,193,1,0
BRDA:1174,193,2,0
BRDA:1179,194,0,0
BRDA:1179,194,1,0
BRDA:1180,195,0,0
BRDA:1180,195,1,0
BRDA:1182,196,0,0
BRDA:1182,196,1,0
BRDA:1183,197,0,0
BRDA:1183,197,1,0
BRDA:1183,197,2,0
BRDA:1190,198,0,0
BRDA:1190,198,1,0
BRDA:1208,199,0,0
BRDA:1208,199,1,0
BRDA:1212,200,0,0
BRDA:1212,200,1,0
BRDA:1222,201,0,0
BRDA:1222,201,1,0
BRDA:1222,202,0,0
BRDA:1222,202,1,0
BRDA:1233,203,0,0
BRDA:1233,203,1,0
BRDA:1241,204,0,0
BRDA:1241,204,1,0
BRDA:1241,205,0,0
BRDA:1241,205,1,0
BRDA:1250,206,0,0
BRDA:1250,206,1,0
BRDA:1254,207,0,0
BRDA:1254,207,1,0
BRDA:1255,208,0,0
BRDA:1255,208,1,0
BRDA:1255,208,2,0
BRDA:1267,209,0,0
BRDA:1267,209,1,0
BRDA:1271,210,0,0
BRDA:1271,210,1,0
BRDA:1285,211,0,0
BRDA:1285,211,1,0
BRDA:1300,212,0,0
BRDA:1300,212,1,1
BRDA:1300,213,0,1
BRDA:1300,213,1,0
BRDA:1306,214,0,0
BRDA:1306,214,1,1
BRDA:1310,215,0,0
BRDA:1310,215,1,1
BRDA:1314,216,0,0
BRDA:1314,216,1,1
BRDA:1314,217,0,1
BRDA:1314,217,1,0
BRDA:1314,217,2,0
BRDA:1321,218,0,0
BRDA:1321,218,1,1
BRDA:1321,219,0,1
BRDA:1321,219,1,0
BRDA:1327,220,0,0
BRDA:1327,220,1,1
BRDA:1327,221,0,1
BRDA:1327,221,1,0
BRDA:1331,222,0,0
BRDA:1331,222,1,1
BRDA:1334,223,0,0
BRDA:1334,223,1,0
BRDA:1334,224,0,0
BRDA:1334,224,1,0
BRDA:1334,224,2,0
BRDA:1338,225,0,0
BRDA:1338,225,1,0
BRDA:1339,226,0,0
BRDA:1339,226,1,0
BRDA:1339,226,2,0
BRDA:1339,226,3,0
BRDA:1351,227,0,0
BRDA:1351,227,1,0
BRDA:1352,228,0,0
BRDA:1352,228,1,0
BRDA:1352,228,2,0
BRDA:1352,228,3,0
BRDA:1364,229,0,0
BRDA:1364,229,1,0
BRDA:1369,230,0,0
BRDA:1369,230,1,0
BRDA:1406,231,0,0
BRDA:1406,231,1,1
BRDA:1409,232,0,0
BRDA:1409,232,1,0
BRDA:1411,233,0,0
BRDA:1411,233,1,0
BRDA:1419,234,0,0
BRDA:1419,234,1,0
BRDA:1419,235,0,0
BRDA:1419,235,1,0
BRDA:1428,236,0,0
BRDA:1428,236,1,0
BRDA:1428,237,0,0
BRDA:1428,237,1,0
BRDA:1433,238,0,0
BRDA:1433,238,1,0
BRDA:1433,239,0,0
BRDA:1433,239,1,0
BRDA:1433,239,2,0
BRDA:1440,240,0,0
BRDA:1440,240,1,0
BRDA:1440,241,0,0
BRDA:1440,241,1,0
BRDA:1440,241,2,0
BRDA:1461,242,0,0
BRDA:1461,242,1,0
BRDA:1474,243,0,0
BRDA:1474,243,1,0
BRDA:1490,244,0,0
BRDA:1490,244,1,1
BRDA:1505,245,0,0
BRDA:1505,245,1,1
BRDA:1505,246,0,1
BRDA:1505,246,1,1
BRDA:1516,247,0,1
BRDA:1516,247,1,0
BRDA:1516,248,0,1
BRDA:1516,248,1,1
BRDA:1521,249,0,0
BRDA:1521,249,1,0
BRDA:1521,250,0,0
BRDA:1521,250,1,0
BRDA:1527,251,0,0
BRDA:1527,251,1,0
BRDA:1527,252,0,0
BRDA:1527,252,1,0
BRDA:1534,253,0,0
BRDA:1534,253,1,0
BRDA:1558,254,0,0
BRDA:1558,254,1,0
BRDA:1558,255,0,0
BRDA:1558,255,1,0
BRDA:1569,256,0,0
BRDA:1569,256,1,1
BRDA:1570,257,0,1
BRDA:1570,257,1,0
BRDA:1577,258,0,0
BRDA:1577,258,1,0
BRDA:1584,259,0,0
BRDA:1584,259,1,0
BRDA:1596,260,0,0
BRDA:1596,260,1,0
BRDA:1598,261,0,0
BRDA:1598,261,1,0
BRDA:1605,262,0,0
BRDA:1605,262,1,0
BRDA:1606,263,0,0
BRDA:1606,263,1,0
BRDA:1607,264,0,0
BRDA:1607,264,1,0
BRDA:1615,265,0,0
BRDA:1615,265,1,0
BRDA:1635,266,0,0
BRDA:1635,266,1,1
BRDA:1635,267,0,1
BRDA:1635,267,1,1
BRDA:1635,267,2,1
BRDA:1637,268,0,0
BRDA:1637,268,1,0
BRDA:1639,269,0,0
BRDA:1639,269,1,0
BRDA:1643,270,0,0
BRDA:1643,270,1,0
BRDA:1651,271,0,1
BRDA:1651,271,1,0
BRDA:1658,272,0,0
BRDA:1658,272,1,0
BRDA:1663,273,0,0
BRDA:1663,273,1,0
BRDA:1663,274,0,0
BRDA:1663,274,1,0
BRDA:1665,275,0,0
BRDA:1665,275,1,0
BRDA:1665,276,0,0
BRDA:1665,276,1,0
BRF:596
BRH:79
end_of_record
TN:
SF:src/StatusHandler.js
FN:13,(anonymous_7)
FN:22,flatten
FN:34,statusHandler
FN:35,create
FN:36,(anonymous_11)
FN:41,update
FN:42,(anonymous_13)
FN:51,restStatusHandler
FN:53,create
FN:54,(anonymous_16)
FN:59,update
FN:60,(anonymous_18)
FN:63,(anonymous_19)
FN:75,jobStatusHandler
FN:80,(anonymous_21)
FN:96,(anonymous_22)
FN:103,(anonymous_23)
FN:107,(anonymous_24)
FN:111,(anonymous_25)
FN:131,pushStatusHandler
FN:136,(anonymous_27)
FN:174,(anonymous_28)
FN:183,(anonymous_29)
FN:200,(anonymous_30)
FN:212,(anonymous_31)
FN:263,(anonymous_32)
FN:289,(anonymous_33)
FN:296,(anonymous_34)
FN:306,(anonymous_35)
FN:327,(anonymous_36)
FNF:30
FNH:0
FNDA:0,(anonymous_7)
FNDA:0,flatten
FNDA:0,statusHandler
FNDA:0,create
FNDA:0,(anonymous_11)
FNDA:0,update
FNDA:0,(anonymous_13)
FNDA:0,restStatusHandler
FNDA:0,create
FNDA:0,(anonymous_16)
FNDA:0,update
FNDA:0,(anonymous_18)
FNDA:0,(anonymous_19)
FNDA:0,jobStatusHandler
FNDA:0,(anonymous_21)
FNDA:0,(anonymous_22)
FNDA:0,(anonymous_23)
FNDA:0,(anonymous_24)
FNDA:0,(anonymous_25)
FNDA:0,pushStatusHandler
FNDA:0,(anonymous_27)
FNDA:0,(anonymous_28)
FNDA:0,(anonymous_29)
FNDA:0,(anonymous_30)
FNDA:0,(anonymous_31)
FNDA:0,(anonymous_32)
FNDA:0,(anonymous_33)
FNDA:0,(anonymous_34)
FNDA:0,(anonymous_35)
FNDA:0,(anonymous_36)
DA:1,1
DA:2,1
DA:3,1
DA:4,1
DA:5,1
DA:7,1
DA:8,1
DA:10,1
DA:11,1
DA:13,1
DA:14,0
DA:15,0
DA:17,0
DA:19,0
DA:23,0
DA:24,0
DA:25,0
DA:26,0
DA:28,0
DA:31,0
DA:36,0
DA:37,0
DA:42,0
DA:45,0
DA:52,0
DA:54,0
DA:55,0
DA:60,0
DA:61,0
DA:64,0
DA:69,0
DA:77,0
DA:78,0
DA:79,0
DA:80,0
DA:81,0
DA:82,0
DA:93,0
DA:96,0
DA:97,0
DA:98,0
DA:100,0
DA:103,0
DA:104,0
DA:107,0
DA:108,0
DA:111,0
DA:112,0
DA:113,0
DA:114,0
DA:115,0
DA:117,0
DA:118,0
DA:120,0
DA:123,0
DA:133,0
DA:134,0
DA:135,0
DA:136,0
DA:137,0
DA:138,0
DA:139,0
DA:140,0
DA:141,0
DA:142,0
DA:143,0
DA:145,0
DA:146,0
DA:150,0
DA:151,0
DA:153,0
DA:154,0
DA:155,0
DA:156,0
DA:158,0
DA:160,0
DA:174,0
DA:175,0
DA:176,0
DA:179,0
DA:183,0
DA:184,0
DA:188,0
DA:200,0
DA:205,0
DA:209,0
DA:210,0
DA:211,0
DA:212,0
DA:214,0
DA:215,0
DA:217,0
DA:218,0
DA:221,0
DA:222,0
DA:223,0
DA:226,0
DA:228,0
DA:229,0
DA:231,0
DA:238,0
DA:239,0
DA:241,0
DA:242,0
DA:245,0
DA:246,0
DA:249,0
DA:251,0
DA:255,0
DA:260,0
DA:263,0
DA:264,0
DA:265,0
DA:270,0
DA:274,0
DA:275,0
DA:276,0
DA:286,0
DA:287,0
DA:289,0
DA:290,0
DA:291,0
DA:296,0
DA:297,0
DA:306,0
DA:307,0
DA:308,0
DA:310,0
DA:314,0
DA:317,0
DA:326,0
DA:327,0
DA:330,0
LF:133
LH:10
BRDA:13,0,0,0
BRDA:13,1,0,0
BRDA:14,2,0,0
BRDA:14,2,1,0
BRDA:25,3,0,0
BRDA:25,3,1,0
BRDA:97,4,0,0
BRDA:97,4,1,0
BRDA:97,5,0,0
BRDA:97,5,1,0
BRDA:111,6,0,0
BRDA:114,7,0,0
BRDA:114,7,1,0
BRDA:114,8,0,0
BRDA:114,8,1,0
BRDA:117,9,0,0
BRDA:117,9,1,0
BRDA:117,10,0,0
BRDA:117,10,1,0
BRDA:136,11,0,0
BRDA:136,12,0,0
BRDA:140,13,0,0
BRDA:140,13,1,0
BRDA:141,14,0,0
BRDA:141,14,1,0
BRDA:150,15,0,0
BRDA:150,15,1,0
BRDA:153,16,0,0
BRDA:153,16,1,0
BRDA:155,17,0,0
BRDA:155,17,1,0
BRDA:203,18,0,0
BRDA:210,19,0,0
BRDA:210,19,1,0
BRDA:214,20,0,0
BRDA:214,20,1,0
BRDA:214,21,0,0
BRDA:214,21,1,0
BRDA:214,21,2,0
BRDA:219,22,0,0
BRDA:219,22,1,0
BRDA:222,23,0,0
BRDA:222,23,1,0
BRDA:224,24,0,0
BRDA:224,24,1,0
BRDA:228,25,0,0
BRDA:228,25,1,0
BRDA:231,26,0,0
BRDA:231,26,1,0
BRDA:232,27,0,0
BRDA:232,27,1,0
BRDA:232,27,2,0
BRDA:232,27,3,0
BRDA:232,27,4,0
BRDA:241,28,0,0
BRDA:241,28,1,0
BRDA:241,29,0,0
BRDA:241,29,1,0
BRDA:245,30,0,0
BRDA:245,30,1,0
BRDA:245,31,0,0
BRDA:245,31,1,0
BRDA:264,32,0,0
BRDA:264,32,1,0
BRDA:274,33,0,0
BRDA:274,33,1,0
BRDA:274,34,0,0
BRDA:274,34,1,0
BRDA:290,35,0,0
BRDA:290,35,1,0
BRDA:290,36,0,0
BRDA:290,36,1,0
BRDA:307,37,0,0
BRDA:307,37,1,0
BRF:74
BRH:0
end_of_record
TN:
SF:src/TestUtils.js
FN:7,destroyAllDataPermanently
FN:12,(anonymous_2)
FNF:2
FNH:0
FNDA:0,destroyAllDataPermanently
FNDA:0,(anonymous_2)
DA:1,1
DA:8,0
DA:9,0
DA:11,0
DA:13,0
DA:14,0
DA:15,0
DA:17,0
LF:8
LH:1
BRDA:8,0,0,0
BRDA:8,0,1,0
BRDA:14,1,0,0
BRDA:14,1,1,0
BRF:4
BRH:0
end_of_record
TN:
SF:src/Utils.js
FN:42,(anonymous_0)
FN:81,(anonymous_1)
FN:96,(anonymous_2)
FN:107,(anonymous_3)
FN:127,(anonymous_4)
FN:155,(anonymous_5)
FN:193,(anonymous_6)
FNF:7
FNH:0
FNDA:0,(anonymous_0)
FNDA:0,(anonymous_1)
FNDA:0,(anonymous_2)
FNDA:0,(anonymous_3)
FNDA:0,(anonymous_4)
FNDA:0,(anonymous_5)
FNDA:0,(anonymous_6)
DA:7,1
DA:8,1
DA:44,0
DA:45,0
DA:48,0
DA:49,0
DA:53,0
DA:54,0
DA:57,0
DA:58,0
DA:62,0
DA:63,0
DA:64,0
DA:67,0
DA:68,0
DA:72,0
DA:82,0
DA:83,0
DA:84,0
DA:86,0
DA:97,0
DA:108,0
DA:109,0
DA:110,0
DA:112,0
DA:113,0
DA:115,0
DA:119,0
DA:128,0
DA:156,0
DA:157,0
DA:158,0
DA:160,0
DA:161,0
DA:162,0
DA:164,0
DA:165,0
DA:167,0
DA:168,0
DA:171,0
DA:194,0
DA:195,0
DA:196,0
DA:197,0
DA:198,0
DA:199,0
DA:205,1
LF:47
LH:3
BRDA:48,0,0,0
BRDA:48,0,1,0
BRDA:57,1,0,0
BRDA:57,1,1,0
BRDA:67,2,0,0
BRDA:67,2,1,0
BRDA:107,3,0,0
BRDA:107,4,0,0
BRDA:109,5,0,0
BRDA:109,5,1,0
BRDA:110,6,0,0
BRDA:110,6,1,0
BRDA:112,7,0,0
BRDA:112,7,1,0
BRDA:112,8,0,0
BRDA:112,8,1,0
BRDA:155,9,0,0
BRDA:155,10,0,0
BRDA:155,11,0,0
BRDA:164,12,0,0
BRDA:164,12,1,0
BRDA:198,13,0,0
BRDA:198,13,1,0
BRDA:198,14,0,0
BRDA:198,14,1,0
BRDA:198,15,0,0
BRDA:198,15,1,0
BRF:27
BRH:0
end_of_record
TN:
SF:src/batch.js
FN:8,mountOnto
FN:9,(anonymous_1)
FN:14,parseURL
FN:21,makeBatchRoutingPathFunction
FN:28,(anonymous_4)
FN:42,(anonymous_5)
FN:66,handleBatch
FN:86,(anonymous_7)
FN:92,(anonymous_8)
FN:93,(anonymous_9)
FN:105,(anonymous_10)
FN:108,(anonymous_11)
FN:115,(anonymous_12)
FN:117,(anonymous_13)
FN:118,(anonymous_14)
FN:122,(anonymous_15)
FN:130,(anonymous_16)
FN:135,(anonymous_17)
FNF:18
FNH:1
FNDA:1,mountOnto
FNDA:0,(anonymous_1)
FNDA:0,parseURL
FNDA:0,makeBatchRoutingPathFunction
FNDA:0,(anonymous_4)
FNDA:0,(anonymous_5)
FNDA:0,handleBatch
FNDA:0,(anonymous_7)
FNDA:0,(anonymous_8)
FNDA:0,(anonymous_9)
FNDA:0,(anonymous_10)
FNDA:0,(anonymous_11)
FNDA:0,(anonymous_12)
FNDA:0,(anonymous_13)
FNDA:0,(anonymous_14)
FNDA:0,(anonymous_15)
FNDA:0,(anonymous_16)
FNDA:0,(anonymous_17)
DA:1,1
DA:2,1
DA:3,1
DA:5,1
DA:9,1
DA:10,0
DA:15,0
DA:16,0
DA:18,0
DA:22,0
DA:23,0
DA:25,0
DA:26,0
DA:28,0
DA:30,0
DA:31,0
DA:33,0
DA:36,0
DA:37,0
DA:38,0
DA:41,0
DA:42,0
DA:45,0
DA:46,0
DA:48,0
DA:54,0
DA:57,0
DA:61,0
DA:67,0
DA:68,0
DA:76,0
DA:77,0
DA:80,0
DA:86,0
DA:87,0
DA:88,0
DA:89,0
DA:92,0
DA:93,0
DA:94,0
DA:97,0
DA:104,0
DA:106,0
DA:109,0
DA:114,0
DA:116,0
DA:117,0
DA:118,0
DA:119,0
DA:122,0
DA:123,0
DA:127,0
DA:131,0
DA:135,0
DA:139,0
DA:141,0
DA:145,0
DA:148,1
LF:58
LH:6
BRDA:15,0,0,0
BRDA:15,0,1,0
BRDA:22,1,0,0
BRDA:22,1,1,0
BRDA:23,2,0,0
BRDA:23,2,1,0
BRDA:30,3,0,0
BRDA:30,3,1,0
BRDA:36,4,0,0
BRDA:36,4,1,0
BRDA:36,5,0,0
BRDA:36,5,1,0
BRDA:36,5,2,0
BRDA:49,6,0,0
BRDA:49,6,1,0
BRDA:48,7,0,0
BRDA:48,7,1,0
BRDA:51,8,0,0
BRDA:51,8,1,0
BRDA:67,9,0,0
BRDA:67,9,1,0
BRDA:76,10,0,0
BRDA:76,10,1,0
BRDA:88,11,0,0
BRDA:88,11,1,0
BRDA:116,12,0,0
BRDA:116,12,1,0
BRDA:117,13,0,0
BRDA:117,13,1,0
BRDA:131,14,0,0
BRDA:131,14,1,0
BRDA:132,15,0,0
BRDA:132,15,1,0
BRDA:132,15,2,0
BRDA:132,15,3,0
BRDA:135,16,0,0
BRDA:135,16,1,0
BRF:37
BRH:0
end_of_record
TN:
SF:src/cache.js
FNF:0
FNH:0
DA:1,1
DA:3,1
DA:4,1
LF:3
LH:3
BRF:0
BRH:0
end_of_record
TN:
SF:src/cryptoUtils.js
FN:6,randomHexString
FN:22,randomString
FN:36,newObjectId
FN:41,newToken
FN:45,md5Hash
FNF:5
FNH:2
FNDA:0,randomHexString
FNDA:1,randomString
FNDA:1,newObjectId
FNDA:0,newToken
FNDA:0,md5Hash
DA:3,1
DA:7,0
DA:8,0
DA:10,0
DA:11,0
DA:13,0
DA:23,1
DA:24,0
DA:26,1
DA:27,1
DA:28,1
DA:29,1
DA:30,10
DA:32,1
DA:37,1
DA:42,0
DA:46,0
LF:17
LH:9
BRDA:7,0,0,0
BRDA:7,0,1,0
BRDA:10,1,0,0
BRDA:10,1,1,0
BRDA:23,2,0,0
BRDA:23,2,1,1
BRDA:36,3,0,0
BRF:7
BRH:1
end_of_record
TN:
SF:src/defaults.js
FN:3,(anonymous_0)
FN:14,(anonymous_1)
FN:19,(anonymous_2)
FNF:3
FNH:3
FNDA:1,(anonymous_0)
FNDA:1,(anonymous_1)
FNDA:78,(anonymous_2)
DA:1,1
DA:2,1
DA:3,1
DA:4,1
DA:5,1
DA:6,1
DA:8,1
DA:9,0
DA:11,1
DA:14,1
DA:15,1
DA:16,1
DA:19,1
DA:20,78
DA:21,78
DA:22,35
DA:24,78
DA:27,1
DA:34,1
DA:35,1
LF:20
LH:19
BRDA:5,0,0,1
BRDA:5,0,1,0
BRDA:5,1,0,1
BRDA:5,1,1,1
BRDA:8,2,0,0
BRDA:8,2,1,1
BRDA:15,3,0,0
BRDA:15,3,1,1
BRDA:16,4,0,0
BRDA:16,4,1,1
BRDA:21,5,0,35
BRDA:21,5,1,43
BRDA:28,6,0,1
BRDA:28,6,1,1
BRF:14
BRH:10
end_of_record
TN:
SF:src/deprecated.js
FN:1,useExternal
FN:2,(anonymous_1)
FNF:2
FNH:1
FNDA:2,useExternal
FNDA:0,(anonymous_1)
DA:2,2
DA:3,0
LF:2
LH:1
BRF:0
BRH:0
end_of_record
TN:
SF:src/index.js
FN:17,(anonymous_11)
FNF:1
FNH:0
FNDA:0,(anonymous_11)
DA:1,1
DA:2,1
DA:3,1
DA:4,1
DA:5,1
DA:6,1
DA:7,1
DA:8,1
DA:10,1
DA:11,1
DA:12,1
DA:13,1
DA:14,1
DA:17,1
DA:18,0
DA:19,0
DA:22,1
DA:23,1
DA:25,1
DA:26,1
DA:28,1
DA:32,1
LF:22
LH:20
BRF:0
BRH:0
end_of_record
TN:
SF:src/logger.js
FN:7,defaultLogger
FN:20,setLogger
FN:24,getLogger
FNF:3
FNH:3
FNDA:1,defaultLogger
FNDA:1,setLogger
FNDA:4,getLogger
DA:2,1
DA:3,1
DA:4,1
DA:8,1
DA:14,1
DA:15,1
DA:18,1
DA:21,1
DA:25,4
DA:29,1
DA:34,1
LF:11
LH:11
BRF:0
BRH:0
end_of_record
TN:
SF:src/middlewares.js
FN:13,(anonymous_1)
FN:25,handleParseHeaders
FN:206,(anonymous_3)
FN:209,(anonymous_4)
FN:243,(anonymous_5)
FN:263,(anonymous_6)
FN:269,(anonymous_7)
FN:281,getClientIp
FN:300,httpAuth
FN:333,decodeBase64
FN:337,allowCrossDomain
FN:338,(anonymous_12)
FN:358,allowMethodOverride
FN:367,handleParseErrors
FN:407,enforceMasterKeyAccess
FN:416,promiseEnforceMasterKeyAccess
FN:432,promiseEnsureIdempotency
FN:467,(anonymous_18)
FN:475,invalidRequest
FN:480,malformedContext
FNF:20
FNH:10
FNDA:2,(anonymous_1)
FNDA:1,handleParseHeaders
FNDA:4,(anonymous_3)
FNDA:4,(anonymous_4)
FNDA:0,(anonymous_5)
FNDA:0,(anonymous_6)
FNDA:0,(anonymous_7)
FNDA:1,getClientIp
FNDA:1,httpAuth
FNDA:0,decodeBase64
FNDA:1,allowCrossDomain
FNDA:1,(anonymous_12)
FNDA:1,allowMethodOverride
FNDA:0,handleParseErrors
FNDA:0,enforceMasterKeyAccess
FNDA:0,promiseEnforceMasterKeyAccess
FNDA:1,promiseEnsureIdempotency
FNDA:0,(anonymous_18)
FNDA:0,invalidRequest
FNDA:0,malformedContext
DA:1,1
DA:2,1
DA:3,1
DA:4,1
DA:5,1
DA:6,1
DA:7,1
DA:8,1
DA:11,1
DA:13,1
DA:14,2
DA:15,2
DA:16,2
DA:26,1
DA:28,1
DA:29,1
DA:30,0
DA:31,0
DA:32,0
DA:33,0
DA:36,0
DA:39,1
DA:52,1
DA:54,1
DA:55,0
DA:56,0
DA:57,0
DA:58,0
DA:59,0
DA:63,1
DA:66,1
DA:69,1
DA:71,1
DA:73,0
DA:79,0
DA:80,0
DA:82,0
DA:84,0
DA:87,0
DA:88,0
DA:91,0
DA:97,0
DA:98,0
DA:99,0
DA:100,0
DA:103,0
DA:104,0
DA:105,0
DA:107,0
DA:108,0
DA:109,0
DA:111,0
DA:112,0
DA:113,0
DA:115,0
DA:116,0
DA:117,0
DA:119,0
DA:120,0
DA:121,0
DA:123,0
DA:124,0
DA:125,0
DA:126,0
DA:129,0
DA:132,0
DA:134,0
DA:135,0
DA:136,0
DA:139,0
DA:143,1
DA:144,0
DA:147,1
DA:148,0
DA:151,1
DA:152,0
DA:154,0
DA:155,0
DA:158,1
DA:160,1
DA:161,1
DA:162,1
DA:163,1
DA:164,1
DA:166,1
DA:172,0
DA:175,1
DA:177,1
DA:178,0
DA:183,0
DA:184,0
DA:187,1
DA:188,1
DA:193,0
DA:199,0
DA:200,0
DA:205,1
DA:206,1
DA:207,4
DA:209,1
DA:210,4
DA:213,1
DA:214,0
DA:217,1
DA:218,0
DA:221,1
DA:222,0
DA:228,0
DA:229,0
DA:232,1
DA:233,1
DA:238,1
DA:239,1
DA:242,0
DA:245,0
DA:250,0
DA:256,0
DA:264,0
DA:265,0
DA:266,0
DA:270,0
DA:271,0
DA:272,0
DA:275,0
DA:276,0
DA:282,1
DA:284,0
DA:285,1
DA:287,1
DA:288,0
DA:290,0
DA:291,0
DA:293,0
DA:296,0
DA:301,1
DA:303,0
DA:307,0
DA:309,0
DA:311,0
DA:312,0
DA:313,0
DA:315,0
DA:316,0
DA:317,0
DA:319,0
DA:321,0
DA:322,0
DA:323,0
DA:325,0
DA:330,0
DA:334,0
DA:338,1
DA:339,1
DA:340,1
DA:341,1
DA:342,0
DA:344,1
DA:345,1
DA:346,1
DA:347,1
DA:348,1
DA:350,1
DA:351,0
DA:353,1
DA:359,1
DA:360,0
DA:361,0
DA:362,0
DA:364,1
DA:368,0
DA:369,0
DA:370,0
DA:371,0
DA:375,0
DA:377,0
DA:378,0
DA:380,0
DA:381,0
DA:383,0
DA:385,0
DA:386,0
DA:387,0
DA:388,0
DA:389,0
DA:390,0
DA:391,0
DA:392,0
DA:395,0
DA:396,0
DA:397,0
DA:401,0
DA:402,0
DA:408,0
DA:409,0
DA:410,0
DA:411,0
DA:413,0
DA:417,0
DA:418,0
DA:419,0
DA:420,0
DA:421,0
DA:423,0
DA:434,1
DA:435,0
DA:438,1
DA:439,1
DA:440,1
DA:441,1
DA:442,1
DA:446,0
DA:448,0
DA:449,0
DA:451,0
DA:452,0
DA:453,0
DA:454,0
DA:457,0
DA:458,0
DA:461,0
DA:462,0
DA:468,0
DA:469,0
DA:471,0
DA:476,0
DA:477,0
DA:481,0
DA:482,0
LF:228
LH:72
BRDA:29,0,0,0
BRDA:29,0,1,1
BRDA:32,1,0,0
BRDA:32,1,1,0
BRDA:54,2,0,0
BRDA:54,2,1,1
BRDA:56,3,0,0
BRDA:56,3,1,0
BRDA:58,4,0,0
BRDA:58,4,1,0
BRDA:59,5,0,0
BRDA:59,5,1,0
BRDA:63,6,0,1
BRDA:63,6,1,0
BRDA:71,7,0,0
BRDA:71,7,1,1
BRDA:71,8,0,1
BRDA:71,8,1,1
BRDA:73,9,0,0
BRDA:73,9,1,0
BRDA:87,10,0,0
BRDA:87,10,1,0
BRDA:91,11,0,0
BRDA:91,11,1,0
BRDA:92,12,0,0
BRDA:92,12,1,0
BRDA:92,12,2,0
BRDA:92,12,3,0
BRDA:92,12,4,0
BRDA:98,13,0,0
BRDA:98,13,1,0
BRDA:103,14,0,0
BRDA:103,14,1,0
BRDA:107,15,0,0
BRDA:107,15,1,0
BRDA:111,16,0,0
BRDA:111,16,1,0
BRDA:115,17,0,0
BRDA:115,17,1,0
BRDA:119,18,0,0
BRDA:119,18,1,0
BRDA:120,19,0,0
BRDA:120,19,1,0
BRDA:125,20,0,0
BRDA:125,20,1,0
BRDA:134,21,0,0
BRDA:134,21,1,0
BRDA:143,22,0,0
BRDA:143,22,1,1
BRDA:143,23,0,1
BRDA:143,23,1,0
BRDA:147,24,0,0
BRDA:147,24,1,1
BRDA:151,25,0,0
BRDA:151,25,1,1
BRDA:162,26,0,1
BRDA:162,26,1,0
BRDA:166,27,0,0
BRDA:166,27,1,1
BRDA:167,28,0,1
BRDA:167,28,1,0
BRDA:167,28,2,0
BRDA:167,28,3,0
BRDA:177,29,0,0
BRDA:177,29,1,1
BRDA:188,30,0,0
BRDA:188,30,1,1
BRDA:189,31,0,1
BRDA:189,31,1,0
BRDA:189,31,2,0
BRDA:210,32,0,4
BRDA:210,32,1,0
BRDA:213,33,0,0
BRDA:213,33,1,1
BRDA:213,34,0,1
BRDA:213,34,1,0
BRDA:217,35,0,0
BRDA:217,35,1,1
BRDA:221,36,0,0
BRDA:221,36,1,1
BRDA:232,37,0,1
BRDA:232,37,1,0
BRDA:245,38,0,0
BRDA:245,38,1,0
BRDA:246,39,0,0
BRDA:246,39,1,0
BRDA:246,39,2,0
BRDA:264,40,0,0
BRDA:264,40,1,0
BRDA:270,41,0,0
BRDA:270,41,1,0
BRDA:282,42,0,0
BRDA:282,42,1,1
BRDA:285,43,0,1
BRDA:285,43,1,0
BRDA:285,44,0,1
BRDA:285,44,1,1
BRDA:288,45,0,0
BRDA:288,45,1,0
BRDA:291,46,0,0
BRDA:291,46,1,0
BRDA:291,47,0,0
BRDA:291,47,1,0
BRDA:301,48,0,1
BRDA:301,48,1,0
BRDA:301,49,0,1
BRDA:301,49,1,1
BRDA:303,50,0,0
BRDA:303,50,1,0
BRDA:311,51,0,0
BRDA:311,51,1,0
BRDA:315,52,0,0
BRDA:315,52,1,0
BRDA:322,53,0,0
BRDA:322,53,1,0
BRDA:341,54,0,0
BRDA:341,54,1,1
BRDA:341,55,0,1
BRDA:341,55,1,1
BRDA:344,56,0,1
BRDA:344,56,1,1
BRDA:344,56,2,1
BRDA:350,57,0,0
BRDA:350,57,1,1
BRDA:359,58,0,0
BRDA:359,58,1,1
BRDA:359,59,0,1
BRDA:359,59,1,1
BRDA:368,60,0,0
BRDA:368,60,1,0
BRDA:368,60,2,0
BRDA:369,61,0,0
BRDA:369,61,1,0
BRDA:370,62,0,0
BRDA:370,62,1,0
BRDA:370,63,0,0
BRDA:370,63,1,0
BRDA:376,64,0,0
BRDA:376,64,1,0
BRDA:376,64,2,0
BRDA:388,65,0,0
BRDA:388,65,1,0
BRDA:388,66,0,0
BRDA:388,66,1,0
BRDA:391,67,0,0
BRDA:391,67,1,0
BRDA:391,68,0,0
BRDA:391,68,1,0
BRDA:401,69,0,0
BRDA:401,69,1,0
BRDA:401,70,0,0
BRDA:401,70,1,0
BRDA:408,71,0,0
BRDA:408,71,1,0
BRDA:417,72,0,0
BRDA:417,72,1,0
BRDA:434,73,0,0
BRDA:434,73,1,1
BRDA:439,74,0,1
BRDA:439,74,1,0
BRDA:439,75,0,1
BRDA:439,75,1,0
BRDA:441,76,0,1
BRDA:441,76,1,0
BRDA:441,77,0,1
BRDA:441,77,1,0
BRDA:451,78,0,0
BRDA:451,78,1,0
BRDA:452,79,0,0
BRDA:452,79,1,0
BRDA:457,80,0,0
BRDA:457,80,1,0
BRDA:468,81,0,0
BRDA:468,81,1,0
BRF:174
BRH:44
end_of_record
TN:
SF:src/password.js
FN:16,hash
FN:22,compare
FNF:2
FNH:0
FNDA:0,hash
FNDA:0,compare
DA:3,1
DA:5,1
DA:6,1
DA:7,1
DA:17,0
DA:24,0
DA:25,0
DA:27,0
DA:30,1
LF:9
LH:5
BRDA:24,0,0,0
BRDA:24,0,1,0
BRDA:24,1,0,0
BRDA:24,1,1,0
BRF:4
BRH:0
end_of_record
TN:
SF:src/request.js
FNF:0
FNH:0
DA:1,1
LF:1
LH:1
BRF:0
BRH:0
end_of_record
TN:
SF:src/requiredParameter.js
FN:2,(anonymous_0)
FNF:1
FNH:0
FNDA:0,(anonymous_0)
DA:2,1
DA:3,0
LF:2
LH:1
BRF:0
BRH:0
end_of_record
TN:
SF:src/rest.js
FN:16,checkTriggers
FN:17,(anonymous_1)
FN:22,checkLiveQuery
FN:27,find
FN:39,(anonymous_4)
FN:57,(anonymous_5)
FN:71,(anonymous_6)
FN:89,del
FN:104,(anonymous_8)
FN:110,(anonymous_9)
FN:136,(anonymous_10)
FN:143,(anonymous_11)
FN:144,(anonymous_12)
FN:164,(anonymous_13)
FN:177,(anonymous_14)
FN:183,create
FN:192,update
FN:196,(anonymous_17)
FN:216,(anonymous_18)
FN:233,(anonymous_19)
FN:238,handleSessionMissingError
FN:255,enforceRoleSecurity
FNF:22
FNH:2
FNDA:0,checkTriggers
FNDA:0,(anonymous_1)
FNDA:0,checkLiveQuery
FNDA:0,find
FNDA:0,(anonymous_4)
FNDA:0,(anonymous_5)
FNDA:0,(anonymous_6)
FNDA:0,del
FNDA:0,(anonymous_8)
FNDA:0,(anonymous_9)
FNDA:0,(anonymous_10)
FNDA:0,(anonymous_11)
FNDA:0,(anonymous_12)
FNDA:0,(anonymous_13)
FNDA:0,(anonymous_14)
FNDA:1,create
FNDA:0,update
FNDA:0,(anonymous_17)
FNDA:0,(anonymous_18)
FNDA:0,(anonymous_19)
FNDA:0,handleSessionMissingError
FNDA:1,enforceRoleSecurity
DA:10,1
DA:12,1
DA:13,1
DA:14,1
DA:17,0
DA:18,0
DA:23,0
DA:28,0
DA:29,0
DA:40,0
DA:41,0
DA:42,0
DA:52,0
DA:57,1
DA:58,0
DA:59,0
DA:60,0
DA:72,0
DA:73,0
DA:74,0
DA:84,0
DA:90,0
DA:91,0
DA:94,0
DA:95,0
DA:98,0
DA:103,0
DA:105,0
DA:106,0
DA:107,0
DA:108,0
DA:111,0
DA:112,0
DA:113,0
DA:114,0
DA:115,0
DA:116,0
DA:119,0
DA:120,0
DA:121,0
DA:122,0
DA:131,0
DA:134,0
DA:137,0
DA:138,0
DA:140,0
DA:143,0
DA:145,0
DA:146,0
DA:147,0
DA:148,0
DA:149,0
DA:150,0
DA:151,0
DA:155,0
DA:166,0
DA:167,0
DA:168,0
DA:178,0
DA:184,1
DA:185,1
DA:186,1
DA:193,0
DA:195,0
DA:197,0
DA:198,0
DA:199,0
DA:201,0
DA:214,0
DA:218,0
DA:219,0
DA:221,0
DA:234,0
DA:240,0
DA:241,0
DA:243,0
DA:246,1
DA:256,1
DA:257,0
DA:258,0
DA:259,0
DA:264,1
DA:265,0
DA:266,0
DA:270,1
DA:271,0
DA:272,0
DA:276,1
LF:88
LH:13
BRDA:23,0,0,0
BRDA:23,0,1,0
BRDA:40,1,0,0
BRDA:40,1,1,0
BRDA:41,2,0,0
BRDA:41,2,1,0
BRDA:72,3,0,0
BRDA:72,3,1,0
BRDA:73,4,0,0
BRDA:73,4,1,0
BRDA:90,5,0,0
BRDA:90,5,1,0
BRDA:94,6,0,0
BRDA:94,6,1,0
BRDA:94,7,0,0
BRDA:94,7,1,0
BRDA:107,8,0,0
BRDA:107,8,1,0
BRDA:107,9,0,0
BRDA:107,9,1,0
BRDA:107,9,2,0
BRDA:111,10,0,0
BRDA:111,10,1,0
BRDA:111,11,0,0
BRDA:111,11,1,0
BRDA:111,11,2,0
BRDA:114,12,0,0
BRDA:114,12,1,0
BRDA:114,13,0,0
BRDA:114,13,1,0
BRDA:115,14,0,0
BRDA:115,14,1,0
BRDA:115,15,0,0
BRDA:115,15,1,0
BRDA:137,16,0,0
BRDA:137,16,1,0
BRDA:147,17,0,0
BRDA:147,17,1,0
BRDA:149,18,0,0
BRDA:149,18,1,0
BRDA:199,19,0,0
BRDA:199,19,1,0
BRDA:199,20,0,0
BRDA:199,20,1,0
BRDA:218,21,0,0
BRDA:218,21,1,0
BRDA:218,22,0,0
BRDA:218,22,1,0
BRDA:240,23,0,0
BRDA:240,23,1,0
BRDA:240,24,0,0
BRDA:240,24,1,0
BRDA:240,24,2,0
BRDA:256,25,0,0
BRDA:256,25,1,1
BRDA:256,26,0,1
BRDA:256,26,1,0
BRDA:257,27,0,0
BRDA:257,27,1,0
BRDA:257,28,0,0
BRDA:257,28,1,0
BRDA:264,29,0,0
BRDA:264,29,1,1
BRDA:264,30,0,1
BRDA:264,30,1,0
BRDA:270,31,0,0
BRDA:270,31,1,1
BRDA:270,32,0,1
BRDA:270,32,1,0
BRDA:270,32,2,0
BRDA:270,32,3,0
BRF:71
BRH:6
end_of_record
TN:
SF:src/triggers.js
FN:27,(anonymous_7)
FN:28,(anonymous_8)
FN:35,(anonymous_9)
FN:49,getClassName
FN:56,validateClassNameForTriggers
FN:90,getStore
FN:105,add
FN:116,remove
FN:122,get
FN:128,addFunction
FN:133,addJob
FN:137,addTrigger
FN:143,addFileTrigger
FN:148,addConnectTrigger
FN:153,addLiveQueryEventHandler
FN:159,removeFunction
FN:163,removeTrigger
FN:167,_unregisterAll
FN:168,(anonymous_25)
FN:171,toJSONwithObjects
FN:192,getTrigger
FN:199,runTrigger
FN:210,getFileTrigger
FN:214,triggerExists
FN:218,getFunction
FN:222,getFunctionNames
FN:226,(anonymous_33)
FN:227,(anonymous_34)
FN:243,getJob
FN:247,getJobs
FN:255,getValidator
FN:259,getRequestObject
FN:305,getRequestQueryObject
FN:339,getResponseObject
FN:341,(anonymous_41)
FN:346,(anonymous_42)
FN:373,(anonymous_43)
FN:383,userIdForLog
FN:387,logTriggerAfterHook
FN:401,logTriggerSuccessBeforeHook
FN:416,logTriggerErrorBeforeHook
FN:431,maybeRunAfterFindTrigger
FN:440,(anonymous_49)
FN:451,(anonymous_50)
FN:454,(anonymous_51)
FN:459,(anonymous_52)
FN:465,(anonymous_53)
FN:468,(anonymous_54)
FN:474,(anonymous_55)
FN:481,(anonymous_56)
FN:487,maybeRunQueryTrigger
FN:524,(anonymous_58)
FN:527,(anonymous_59)
FN:534,(anonymous_60)
FN:592,(anonymous_61)
FN:602,resolveError
FN:627,maybeRunValidator
FN:635,(anonymous_64)
FN:637,(anonymous_65)
FN:642,(anonymous_66)
FN:645,(anonymous_67)
FN:654,builtInTriggerValidator
FN:680,(anonymous_69)
FN:687,(anonymous_70)
FN:715,(anonymous_71)
FN:786,(anonymous_72)
FN:826,maybeRunTrigger
FN:837,(anonymous_74)
FN:850,(anonymous_75)
FN:868,(anonymous_76)
FN:886,(anonymous_77)
FN:889,(anonymous_78)
FN:904,(anonymous_79)
FN:923,inflate
FN:931,runLiveQueryEventHandlers
FN:935,(anonymous_82)
FN:938,getRequestFileObject
FN:963,maybeRunFileTrigger
FNF:78
FNH:7
FNDA:1,(anonymous_7)
FNDA:16,(anonymous_8)
FNDA:16,(anonymous_9)
FNDA:0,getClassName
FNDA:0,validateClassNameForTriggers
FNDA:2,getStore
FNDA:0,add
FNDA:0,remove
FNDA:2,get
FNDA:0,addFunction
FNDA:0,addJob
FNDA:0,addTrigger
FNDA:0,addFileTrigger
FNDA:0,addConnectTrigger
FNDA:0,addLiveQueryEventHandler
FNDA:0,removeFunction
FNDA:0,removeTrigger
FNDA:0,_unregisterAll
FNDA:0,(anonymous_25)
FNDA:0,toJSONwithObjects
FNDA:2,getTrigger
FNDA:0,runTrigger
FNDA:0,getFileTrigger
FNDA:2,triggerExists
FNDA:0,getFunction
FNDA:0,getFunctionNames
FNDA:0,(anonymous_33)
FNDA:0,(anonymous_34)
FNDA:0,getJob
FNDA:0,getJobs
FNDA:0,getValidator
FNDA:0,getRequestObject
FNDA:0,getRequestQueryObject
FNDA:0,getResponseObject
FNDA:0,(anonymous_41)
FNDA:0,(anonymous_42)
FNDA:0,(anonymous_43)
FNDA:0,userIdForLog
FNDA:0,logTriggerAfterHook
FNDA:0,logTriggerSuccessBeforeHook
FNDA:0,logTriggerErrorBeforeHook
FNDA:0,maybeRunAfterFindTrigger
FNDA:0,(anonymous_49)
FNDA:0,(anonymous_50)
FNDA:0,(anonymous_51)
FNDA:0,(anonymous_52)
FNDA:0,(anonymous_53)
FNDA:0,(anonymous_54)
FNDA:0,(anonymous_55)
FNDA:0,(anonymous_56)
FNDA:0,maybeRunQueryTrigger
FNDA:0,(anonymous_58)
FNDA:0,(anonymous_59)
FNDA:0,(anonymous_60)
FNDA:0,(anonymous_61)
FNDA:0,resolveError
FNDA:0,maybeRunValidator
FNDA:0,(anonymous_64)
FNDA:0,(anonymous_65)
FNDA:0,(anonymous_66)
FNDA:0,(anonymous_67)
FNDA:0,builtInTriggerValidator
FNDA:0,(anonymous_69)
FNDA:0,(anonymous_70)
FNDA:0,(anonymous_71)
FNDA:0,(anonymous_72)
FNDA:0,maybeRunTrigger
FNDA:0,(anonymous_74)
FNDA:0,(anonymous_75)
FNDA:0,(anonymous_76)
FNDA:0,(anonymous_77)
FNDA:0,(anonymous_78)
FNDA:0,(anonymous_79)
FNDA:0,inflate
FNDA:0,runLiveQueryEventHandlers
FNDA:0,(anonymous_82)
FNDA:0,getRequestFileObject
FNDA:0,maybeRunFileTrigger
DA:2,1
DA:3,1
DA:5,1
DA:24,1
DA:25,1
DA:27,1
DA:28,1
DA:29,16
DA:30,16
DA:32,1
DA:33,1
DA:34,1
DA:35,1
DA:36,16
DA:37,16
DA:40,1
DA:50,0
DA:51,0
DA:53,0
DA:57,0
DA:61,0
DA:63,0
DA:66,0
DA:68,0
DA:71,0
DA:73,0
DA:76,0
DA:78,0
DA:81,1
DA:83,1
DA:91,2
DA:92,2
DA:93,2
DA:94,2
DA:95,2
DA:96,2
DA:97,2
DA:98,2
DA:99,0
DA:102,2
DA:106,0
DA:107,0
DA:108,0
DA:109,0
DA:113,0
DA:117,0
DA:118,0
DA:119,0
DA:123,2
DA:124,2
DA:125,2
DA:129,0
DA:130,0
DA:134,0
DA:138,0
DA:139,0
DA:140,0
DA:144,0
DA:145,0
DA:149,0
DA:150,0
DA:154,0
DA:155,0
DA:156,0
DA:160,0
DA:164,0
DA:168,0
DA:172,0
DA:173,0
DA:175,0
DA:176,0
DA:177,0
DA:178,0
DA:179,0
DA:180,0
DA:181,0
DA:182,0
DA:184,0
DA:186,0
DA:187,0
DA:189,0
DA:193,2
DA:194,0
DA:196,2
DA:200,0
DA:201,0
DA:203,0
DA:204,0
DA:205,0
DA:207,0
DA:211,0
DA:215,2
DA:219,0
DA:224,0
DA:225,0
DA:226,0
DA:227,0
DA:228,0
DA:229,0
DA:230,0
DA:232,0
DA:233,0
DA:235,0
DA:239,0
DA:240,0
DA:244,0
DA:248,0
DA:249,0
DA:250,0
DA:252,0
DA:256,0
DA:267,0
DA:276,0
[...]
BRDA:78,10,0,0
BRDA:78,10,1,0
BRDA:81,11,0,0
BRDA:81,11,1,0
BRDA:82,12,0,0
BRDA:82,12,1,0
BRDA:82,12,2,0
BRDA:82,12,3,0
BRDA:82,12,4,0
BRDA:92,13,0,0
BRDA:92,13,1,0
BRDA:92,14,0,0
BRDA:92,14,1,0
BRDA:94,15,0,0
BRDA:94,15,1,0
BRDA:102,16,0,0
BRDA:102,16,1,0
BRDA:106,17,0,0
BRDA:106,17,1,0
BRDA:124,18,0,0
BRDA:124,18,1,0
BRDA:131,19,0,0
BRDA:131,19,1,0
BRDA:131,20,0,0
BRDA:131,20,1,0
BRDA:131,20,2,0
BRDA:134,21,0,0
BRDA:134,21,1,0
BRDA:135,22,0,0
BRDA:135,22,1,0
BRDA:135,22,2,0
BRDA:153,23,0,0
BRDA:153,23,1,0
BRDA:153,24,0,0
BRDA:153,24,1,0
BRDA:168,25,0,0
BRDA:168,25,1,0
BRDA:168,26,0,0
BRDA:168,26,1,0
BRDA:168,26,2,0
BRDA:187,27,0,0
BRDA:187,27,1,0
BRDA:187,28,0,0
BRDA:187,28,1,0
BRDA:190,29,0,0
BRDA:190,29,1,0
BRDA:201,30,0,0
BRDA:201,30,1,0
BRDA:208,31,0,0
BRDA:208,31,1,0
BRDA:271,32,0,0
BRDA:271,32,1,0
BRDA:275,33,0,0
BRDA:275,33,1,0
BRDA:276,34,0,0
BRDA:276,34,1,0
BRDA:285,35,0,0
BRDA:285,35,1,0
BRDA:322,36,0,0
BRDA:322,36,1,0
BRDA:322,37,0,0
BRDA:322,37,1,0
BRDA:334,38,0,0
BRDA:334,38,1,0
BRDA:334,39,0,0
BRDA:334,39,1,0
BRDA:375,40,0,0
BRDA:375,40,1,0
BRDA:391,41,0,0
BRDA:391,41,1,0
BRDA:394,42,0,0
BRDA:394,42,1,0
BRDA:408,43,0,0
BRDA:408,43,1,0
BRDA:425,44,0,0
BRDA:425,44,1,0
BRDA:428,45,0,0
BRDA:428,45,1,0
BRDA:436,46,0,0
BRDA:436,46,1,0
BRDA:436,47,0,0
BRDA:436,47,1,0
BRDA:444,48,0,0
BRDA:444,48,1,0
BRF:108
BRH:0
end_of_record
TN:
SF:src/SchemaMigrations/DefinedSchemas.js
FN:19,(anonymous_10)
FN:35,(anonymous_11)
FN:46,(anonymous_12)
FN:54,(anonymous_13)
FN:65,(anonymous_14)
FN:85,(anonymous_15)
FN:93,(anonymous_16)
FN:103,(anonymous_17)
FN:123,(anonymous_18)
FN:128,(anonymous_19)
FN:129,(anonymous_20)
FN:131,(anonymous_21)
FN:153,(anonymous_22)
FN:154,(anonymous_23)
FN:157,(anonymous_24)
FN:159,(anonymous_25)
FN:160,(anonymous_26)
FN:163,(anonymous_27)
FN:173,(anonymous_28)
FN:179,(anonymous_29)
FN:180,(anonymous_30)
FN:196,(anonymous_31)
FN:201,(anonymous_32)
FN:202,(anonymous_33)
FN:211,(anonymous_34)
FN:223,(anonymous_35)
FN:230,(anonymous_36)
FN:231,(anonymous_37)
FN:250,(anonymous_38)
FN:251,(anonymous_39)
FN:281,(anonymous_40)
FN:296,(anonymous_41)
FN:303,(anonymous_42)
FN:310,(anonymous_43)
FN:321,(anonymous_44)
FN:331,(anonymous_45)
FN:347,(anonymous_46)
FN:374,(anonymous_47)
FN:379,(anonymous_48)
FN:394,(anonymous_49)
FN:401,(anonymous_50)
FN:416,(anonymous_51)
FN:422,(anonymous_52)
FN:425,(anonymous_53)
FNF:44
FNH:0
FNDA:0,(anonymous_10)
FNDA:0,(anonymous_11)
FNDA:0,(anonymous_12)
FNDA:0,(anonymous_13)
FNDA:0,(anonymous_14)
FNDA:0,(anonymous_15)
FNDA:0,(anonymous_16)
FNDA:0,(anonymous_17)
FNDA:0,(anonymous_18)
FNDA:0,(anonymous_19)
FNDA:0,(anonymous_20)
FNDA:0,(anonymous_21)
FNDA:0,(anonymous_22)
FNDA:0,(anonymous_23)
FNDA:0,(anonymous_24)
FNDA:0,(anonymous_25)
FNDA:0,(anonymous_26)
FNDA:0,(anonymous_27)
FNDA:0,(anonymous_28)
FNDA:0,(anonymous_29)
FNDA:0,(anonymous_30)
FNDA:0,(anonymous_31)
FNDA:0,(anonymous_32)
FNDA:0,(anonymous_33)
FNDA:0,(anonymous_34)
FNDA:0,(anonymous_35)
FNDA:0,(anonymous_36)
FNDA:0,(anonymous_37)
FNDA:0,(anonymous_38)
FNDA:0,(anonymous_39)
FNDA:0,(anonymous_40)
FNDA:0,(anonymous_41)
FNDA:0,(anonymous_42)
FNDA:0,(anonymous_43)
FNDA:0,(anonymous_44)
FNDA:0,(anonymous_45)
FNDA:0,(anonymous_46)
FNDA:0,(anonymous_47)
FNDA:0,(anonymous_48)
FNDA:0,(anonymous_49)
FNDA:0,(anonymous_50)
FNDA:0,(anonymous_51)
FNDA:0,(anonymous_52)
FNDA:0,(anonymous_53)
DA:3,1
DA:4,1
DA:5,1
DA:6,1
DA:7,1
DA:8,1
DA:9,1
DA:20,0
DA:21,0
DA:22,0
DA:23,0
DA:24,0
DA:25,0
DA:28,0
DA:31,0
DA:32,0
DA:36,0
DA:42,0
DA:43,0
DA:48,0
DA:49,0
DA:55,0
DA:61,0
DA:62,0
DA:66,0
DA:67,0
DA:68,0
DA:69,0
DA:72,0
DA:74,0
DA:75,0
DA:78,0
DA:80,0
DA:81,0
DA:86,0
DA:87,0
DA:92,0
DA:93,0
DA:94,0
DA:95,0
DA:100,0
DA:101,0
DA:102,0
DA:103,0
DA:105,0
DA:106,0
DA:108,0
DA:109,0
DA:110,0
DA:114,0
DA:115,0
DA:117,0
DA:118,0
DA:124,0
DA:125,0
DA:128,0
DA:129,0
DA:130,0
DA:131,0
DA:134,0
DA:135,0
DA:140,0
DA:143,0
DA:144,0
DA:154,0
DA:158,0
DA:160,0
DA:162,0
DA:164,0
DA:165,0
DA:166,0
DA:174,0
DA:175,0
DA:176,0
DA:180,0
DA:181,0
DA:182,0
DA:183,0
DA:185,0
DA:188,0
DA:189,0
DA:191,0
DA:197,0
DA:198,0
DA:200,0
DA:201,0
DA:203,0
DA:204,0
DA:205,0
DA:210,0
DA:211,0
DA:212,0
DA:213,0
DA:218,0
DA:220,0
DA:224,0
DA:228,0
DA:229,0
DA:230,0
DA:233,0
DA:234,0
DA:235,0
DA:240,0
DA:245,0
DA:246,0
DA:249,0
DA:250,0
DA:252,0
DA:253,0
DA:254,0
DA:255,0
DA:258,0
DA:260,0
DA:266,0
DA:271,0
DA:275,0
DA:276,0
DA:280,0
DA:281,0
DA:282,0
DA:286,0
DA:287,0
DA:288,0
DA:295,0
DA:296,0
DA:297,0
DA:301,0
DA:303,0
DA:304,0
DA:305,0
DA:306,0
DA:309,0
DA:310,0
DA:312,0
DA:313,0
DA:315,0
DA:321,0
DA:322,0
DA:323,0
DA:324,0
DA:330,0
DA:331,0
DA:332,0
DA:336,0
DA:337,0
DA:343,0
DA:346,0
DA:347,0
DA:348,0
DA:349,0
DA:350,0
DA:351,0
DA:354,0
DA:355,0
DA:356,0
DA:366,0
DA:368,0
DA:370,0
DA:371,0
DA:374,0
DA:375,0
DA:384,0
DA:385,0
DA:388,0
DA:390,0
DA:391,0
DA:395,0
DA:402,0
DA:403,0
DA:404,0
DA:413,0
DA:417,0
DA:418,0
DA:421,0
DA:422,0
DA:426,0
DA:427,0
DA:428,0
DA:429,0
DA:431,0
LF:180
LH:7
BRDA:23,0,0,0
BRDA:23,0,1,0
BRDA:23,1,0,0
BRDA:23,1,1,0
BRDA:24,2,0,0
BRDA:24,2,1,0
BRDA:68,3,0,0
BRDA:68,3,1,0
BRDA:68,4,0,0
BRDA:68,4,1,0
BRDA:74,5,0,0
BRDA:74,5,1,0
BRDA:74,6,0,0
BRDA:74,6,1,0
BRDA:81,7,0,0
BRDA:81,7,1,0
BRDA:92,8,0,0
BRDA:92,8,1,0
BRDA:108,9,0,0
BRDA:108,9,1,0
BRDA:109,10,0,0
BRDA:109,10,1,0
BRDA:118,11,0,0
BRDA:118,11,1,0
BRDA:124,12,0,0
BRDA:124,12,1,0
BRDA:131,13,0,0
BRDA:131,13,1,0
BRDA:134,14,0,0
BRDA:134,14,1,0
BRDA:143,15,0,0
BRDA:143,15,1,0
BRDA:143,16,0,0
BRDA:143,16,1,0
BRDA:181,17,0,0
BRDA:181,17,1,0
BRDA:198,18,0,0
BRDA:198,18,1,0
BRDA:203,19,0,0
BRDA:203,19,1,0
BRDA:210,20,0,0
BRDA:210,20,1,0
BRDA:212,21,0,0
BRDA:212,21,1,0
BRDA:212,22,0,0
BRDA:212,22,1,0
BRDA:228,23,0,0
BRDA:228,23,1,0
BRDA:234,24,0,0
BRDA:234,24,1,0
BRDA:253,25,0,0
BRDA:253,25,1,0
BRDA:253,26,0,0
BRDA:253,26,1,0
BRDA:260,27,0,0
BRDA:260,27,1,0
BRDA:275,28,0,0
BRDA:275,28,1,0
BRDA:280,29,0,0
BRDA:280,29,1,0
BRDA:287,30,0,0
BRDA:287,30,1,0
BRDA:287,31,0,0
BRDA:287,31,1,0
BRDA:295,32,0,0
BRDA:295,32,1,0
BRDA:304,33,0,0
BRDA:304,33,1,0
BRDA:309,34,0,0
BRDA:309,34,1,0
BRDA:309,35,0,0
BRDA:309,35,1,0
BRDA:312,36,0,0
BRDA:312,36,1,0
BRDA:313,37,0,0
BRDA:313,37,1,0
BRDA:322,38,0,0
BRDA:322,38,1,0
BRDA:330,39,0,0
BRDA:330,39,1,0
BRDA:332,40,0,0
BRDA:332,40,1,0
BRDA:333,41,0,0
BRDA:333,41,1,0
BRDA:333,41,2,0
BRDA:336,42,0,0
BRDA:336,42,1,0
BRDA:346,43,0,0
BRDA:346,43,1,0
BRDA:348,44,0,0
BRDA:348,44,1,0
BRDA:349,45,0,0
BRDA:349,45,1,0
BRDA:349,46,0,0
BRDA:349,46,1,0
BRDA:351,47,0,0
BRDA:351,47,1,0
BRDA:355,48,0,0
BRDA:355,48,1,0
BRDA:370,49,0,0
BRDA:370,49,1,0
BRDA:384,50,0,0
BRDA:384,50,1,0
BRDA:384,51,0,0
BRDA:384,51,1,0
BRDA:388,52,0,0
BRDA:388,52,1,0
BRDA:396,53,0,0
BRDA:396,53,1,0
BRDA:397,54,0,0
BRDA:397,54,1,0
BRDA:403,55,0,0
BRDA:403,55,1,0
BRDA:421,56,0,0
BRDA:421,56,1,0
BRDA:426,57,0,0
BRDA:426,57,1,0
BRDA:428,58,0,0
BRDA:428,58,1,0
BRF:119
BRH:0
end_of_record
TN:
SF:src/SchemaMigrations/Migrations.js
FN:73,(anonymous_0)
FN:88,makeSchema
FNF:2
FNH:0
FNDA:0,(anonymous_0)
FNDA:0,makeSchema
DA:74,0
DA:76,0
DA:78,0
DA:79,0
DA:80,0
DA:84,0
DA:92,0
DA:94,0
LF:8
LH:0
BRDA:79,0,0,0
BRDA:79,0,1,0
BRF:2
BRH:0
end_of_record
TN:
SF:src/Security/Check.js
FN:21,(anonymous_1)
FN:39,(anonymous_2)
FN:43,(anonymous_3)
FN:61,(anonymous_4)
FNF:4
FNH:0
FNDA:0,(anonymous_1)
FNDA:0,(anonymous_2)
FNDA:0,(anonymous_3)
FNDA:0,(anonymous_4)
DA:5,1
DA:6,1
DA:22,0
DA:23,0
DA:25,0
DA:26,0
DA:27,0
DA:28,0
DA:31,0
DA:32,0
DA:40,0
DA:45,0
DA:48,0
DA:49,0
DA:50,0
DA:52,0
DA:53,0
DA:62,0
DA:75,1
DA:81,1
DA:82,1
LF:21
LH:5
BRDA:45,0,0,0
BRDA:45,0,1,0
BRF:2
BRH:0
end_of_record
TN:
SF:src/Security/CheckGroup.js
FN:10,(anonymous_0)
FN:18,(anonymous_1)
FN:21,(anonymous_2)
FN:28,(anonymous_3)
FN:31,(anonymous_4)
FN:38,(anonymous_5)
FNF:6
FNH:0
FNDA:0,(anonymous_0)
FNDA:0,(anonymous_1)
FNDA:0,(anonymous_2)
FNDA:0,(anonymous_3)
FNDA:0,(anonymous_4)
FNDA:0,(anonymous_5)
DA:11,0
DA:12,0
DA:19,0
DA:22,0
DA:29,0
DA:32,0
DA:39,0
DA:40,0
DA:45,1
LF:9
LH:1
BRF:0
BRH:0
end_of_record
TN:
SF:src/Security/CheckRunner.js
FN:22,(anonymous_4)
FN:35,(anonymous_5)
FN:38,(anonymous_6)
FN:39,(anonymous_7)
FN:42,(anonymous_8)
FN:82,(anonymous_9)
FN:106,(anonymous_10)
FN:130,(anonymous_11)
FN:133,(anonymous_12)
FN:133,(anonymous_13)
FN:185,(anonymous_14)
FN:200,(anonymous_15)
FNF:12
FNH:0
FNDA:0,(anonymous_4)
FNDA:0,(anonymous_5)
FNDA:0,(anonymous_6)
FNDA:0,(anonymous_7)
FNDA:0,(anonymous_8)
FNDA:0,(anonymous_9)
FNDA:0,(anonymous_10)
FNDA:0,(anonymous_11)
FNDA:0,(anonymous_12)
FNDA:0,(anonymous_13)
FNDA:0,(anonymous_14)
FNDA:0,(anonymous_15)
DA:5,1
DA:6,1
DA:7,1
DA:8,1
DA:9,1
DA:23,0
DA:24,0
DA:25,0
DA:26,0
DA:27,0
DA:37,0
DA:38,0
DA:39,0
DA:42,0
DA:45,0
DA:48,0
DA:49,0
DA:51,0
DA:84,0
DA:93,0
DA:97,0
DA:99,0
DA:106,0
DA:107,0
DA:111,0
DA:112,0
DA:113,0
DA:114,0
DA:115,0
DA:117,0
DA:120,0
DA:123,0
DA:133,0
DA:136,0
DA:137,0
DA:138,0
DA:139,0
DA:140,0
DA:143,0
DA:144,0
DA:146,0
DA:147,0
DA:148,0
DA:150,0
DA:151,0
DA:152,0
DA:153,0
DA:154,0
DA:155,0
DA:156,0
DA:161,0
DA:177,0
DA:186,0
DA:188,0
DA:190,0
DA:192,0
DA:201,0
DA:209,1
LF:58
LH:6
BRDA:22,0,0,0
BRDA:24,1,0,0
BRDA:24,2,0,0
BRDA:24,3,0,0
BRDA:35,4,0,0
BRDA:35,5,0,0
BRDA:48,6,0,0
BRDA:48,6,1,0
BRDA:94,7,0,0
BRDA:94,7,1,0
BRDA:111,8,0,0
BRDA:111,8,1,0
BRDA:133,9,0,0
BRDA:133,9,1,0
BRDA:150,10,0,0
BRDA:150,10,1,0
BRDA:154,11,0,0
BRDA:154,11,1,0
BRDA:169,12,0,0
BRDA:169,12,1,0
BRDA:170,13,0,0
BRDA:170,13,1,0
BRDA:187,14,0,0
BRDA:187,14,1,0
BRDA:187,14,2,0
BRF:25
BRH:0
end_of_record
TN:
SF:src/Security/CheckGroups/CheckGroupDatabase.js
FN:15,(anonymous_1)
FN:18,(anonymous_2)
FN:27,(anonymous_3)
FNF:3
FNH:0
FNDA:0,(anonymous_1)
FNDA:0,(anonymous_2)
FNDA:0,(anonymous_3)
DA:5,1
DA:6,1
DA:7,1
DA:8,1
DA:16,0
DA:19,0
DA:20,0
DA:21,0
DA:22,0
DA:28,0
DA:29,0
DA:30,0
DA:31,0
DA:32,0
DA:34,0
DA:35,0
DA:38,0
DA:39,0
DA:47,1
LF:19
LH:5
BRDA:34,0,0,0
BRDA:34,0,1,0
BRDA:38,1,0,0
BRDA:38,1,1,0
BRF:4
BRH:0
end_of_record
TN:
SF:src/Security/CheckGroups/CheckGroupServerConfig.js
FN:15,(anonymous_1)
FN:18,(anonymous_2)
FN:26,(anonymous_3)
FN:47,(anonymous_4)
FN:58,(anonymous_5)
FN:69,(anonymous_6)
FNF:6
FNH:0
FNDA:0,(anonymous_1)
FNDA:0,(anonymous_2)
FNDA:0,(anonymous_3)
FNDA:0,(anonymous_4)
FNDA:0,(anonymous_5)
FNDA:0,(anonymous_6)
DA:5,1
DA:6,1
DA:7,1
DA:8,1
DA:16,0
DA:19,0
DA:20,0
DA:27,0
DA:28,0
DA:29,0
DA:30,0
DA:31,0
DA:33,0
DA:34,0
DA:37,0
DA:38,0
DA:48,0
DA:49,0
DA:59,0
DA:60,0
DA:70,0
DA:71,0
DA:79,1
LF:23
LH:5
BRDA:33,0,0,0
BRDA:33,0,1,0
BRDA:37,1,0,0
BRDA:37,1,1,0
BRDA:48,2,0,0
BRDA:48,2,1,0
BRDA:48,3,0,0
BRDA:48,3,1,0
BRDA:59,4,0,0
BRDA:59,4,1,0
BRDA:59,5,0,0
BRDA:59,5,1,0
BRDA:70,6,0,0
BRDA:70,6,1,0
BRF:14
BRH:0
end_of_record
TN:
SF:src/Security/CheckGroups/CheckGroups.js
FNF:0
FNH:0
DA:8,1
DA:9,1
LF:2
LH:2
BRF:0
BRH:0
end_of_record
TN:
SF:src/cli/parse-server.js
FN:8,(anonymous_1)
FN:34,(anonymous_2)
FN:66,(anonymous_3)
FN:71,(anonymous_4)
FN:76,(anonymous_5)
FN:83,printSuccessMessage
FNF:6
FNH:3
FNDA:0,(anonymous_1)
FNDA:1,(anonymous_2)
FNDA:0,(anonymous_3)
FNDA:0,(anonymous_4)
FNDA:1,(anonymous_5)
FNDA:1,printSuccessMessage
DA:2,1
DA:3,1
DA:4,1
DA:5,1
DA:6,1
DA:8,1
DA:9,0
DA:10,0
DA:11,0
DA:12,0
DA:13,0
DA:14,0
DA:15,0
DA:16,0
DA:17,0
DA:18,0
DA:19,0
DA:20,0
DA:21,0
DA:22,0
DA:23,0
DA:24,0
DA:25,0
DA:26,0
DA:27,0
DA:30,1
DA:35,1
DA:36,0
DA:37,0
DA:38,0
DA:39,0
DA:40,0
DA:43,1
DA:44,0
DA:45,0
DA:46,0
DA:48,1
DA:49,0
DA:50,0
DA:51,0
DA:53,1
DA:54,0
DA:55,0
DA:56,0
DA:59,1
DA:60,0
DA:61,0
DA:62,0
DA:63,0
DA:64,0
DA:66,0
DA:67,0
DA:68,0
DA:71,0
DA:72,0
DA:76,1
DA:77,1
DA:78,1
DA:79,1
DA:84,1
DA:85,1
DA:86,0
DA:94,1
DA:95,0
LF:64
LH:19
BRDA:35,0,0,0
BRDA:35,0,1,1
BRDA:35,1,0,1
BRDA:35,1,1,1
BRDA:43,2,0,0
BRDA:43,2,1,1
BRDA:44,3,0,0
BRDA:44,3,1,0
BRDA:48,4,0,0
BRDA:48,4,1,1
BRDA:49,5,0,0
BRDA:49,5,1,0
BRDA:53,6,0,0
BRDA:53,6,1,1
BRDA:54,7,0,0
BRDA:54,7,1,0
BRDA:59,8,0,0
BRDA:59,8,1,1
BRDA:60,9,0,0
BRDA:60,9,1,0
BRDA:61,10,0,0
BRDA:61,10,1,0
BRDA:85,11,0,0
BRDA:85,11,1,1
BRDA:94,12,0,0
BRDA:94,12,1,1
BRF:26
BRH:9
end_of_record
TN:
SF:src/cli/definitions/parse-server.js
FNF:0
FNH:0
DA:1,1
DA:2,1
LF:2
LH:2
BRF:0
BRH:0
end_of_record
TN:
SF:src/cli/utils/commander.js
FN:10,(anonymous_1)
FN:13,(anonymous_2)
FN:33,(anonymous_3)
FN:44,(anonymous_4)
FN:62,parseEnvironment
FN:63,(anonymous_6)
FN:66,(anonymous_7)
FN:76,parseConfigFile
FN:90,(anonymous_9)
FN:105,(anonymous_10)
FN:106,(anonymous_11)
FN:115,(anonymous_12)
FN:130,(anonymous_13)
FN:131,(anonymous_14)
FNF:14
FNH:12
FNDA:1,(anonymous_1)
FNDA:78,(anonymous_2)
FNDA:78,(anonymous_3)
FNDA:78,(anonymous_4)
FNDA:1,parseEnvironment
FNDA:78,(anonymous_6)
FNDA:0,(anonymous_7)
FNDA:1,parseConfigFile
FNDA:0,(anonymous_9)
FNDA:3,(anonymous_10)
FNDA:35,(anonymous_11)
FNDA:1,(anonymous_12)
FNDA:1,(anonymous_13)
FNDA:78,(anonymous_14)
DA:2,1
DA:3,1
DA:4,1
DA:10,1
DA:11,1
DA:13,1
DA:14,78
DA:15,78
DA:16,78
DA:17,4
DA:23,74
DA:30,0
DA:33,1
DA:34,78
DA:35,78
DA:36,78
DA:38,78
DA:39,78
DA:41,78
DA:44,1
DA:45,78
DA:46,35
DA:48,78
DA:63,1
DA:64,78
DA:65,0
DA:66,0
DA:67,0
DA:68,0
DA:70,0
DA:72,78
DA:77,1
DA:78,1
DA:79,0
DA:80,0
DA:81,0
DA:82,0
DA:83,0
DA:84,0
DA:86,0
DA:88,0
DA:90,0
DA:91,0
DA:92,0
DA:93,0
DA:95,0
DA:96,0
DA:97,0
DA:100,0
DA:102,1
DA:105,1
DA:106,3
DA:107,35
DA:108,34
DA:113,1
DA:115,1
DA:116,1
DA:118,1
DA:119,1
DA:121,1
DA:123,1
DA:125,1
DA:127,1
DA:130,1
DA:131,1
DA:132,78
DA:133,37
DA:135,78
DA:139,1
LF:69
LH:47
BRDA:14,0,0,78
BRDA:14,0,1,0
BRDA:16,1,0,4
BRDA:16,1,1,74
BRDA:35,2,0,78
BRDA:35,2,1,0
BRDA:38,3,0,78
BRDA:38,3,1,0
BRDA:45,4,0,35
BRDA:45,4,1,43
BRDA:62,5,0,0
BRDA:64,6,0,0
BRDA:64,6,1,78
BRDA:67,7,0,0
BRDA:67,7,1,0
BRDA:68,8,0,0
BRDA:68,8,1,0
BRDA:78,9,0,0
BRDA:78,9,1,1
BRDA:82,10,0,0
BRDA:82,10,1,0
BRDA:83,11,0,0
BRDA:83,11,1,0
BRDA:92,12,0,0
BRDA:92,12,1,0
BRDA:96,13,0,0
BRDA:96,13,1,0
BRDA:107,14,0,34
BRDA:107,14,1,1
BRDA:132,15,0,37
BRDA:132,15,1,41
BRF:31
BRH:13
end_of_record
TN:
SF:src/cli/utils/runner.js
FN:3,logStartupOptions
FN:27,_default
FN:38,(anonymous_3)
FNF:3
FNH:3
FNDA:1,logStartupOptions
FNDA:1,_default
FNDA:1,(anonymous_3)
DA:1,1
DA:4,1
DA:5,41
DA:6,41
DA:7,1
DA:9,41
DA:10,0
DA:12,41
DA:13,7
DA:14,7
DA:16,0
DA:17,0
DA:22,41
DA:28,1
DA:29,1
DA:30,1
DA:32,1
DA:33,1
DA:35,1
DA:37,1
DA:38,1
DA:39,1
LF:22
LH:19
BRDA:6,0,0,1
BRDA:6,0,1,40
BRDA:9,1,0,0
BRDA:9,1,1,41
BRDA:9,2,0,41
BRDA:9,2,1,0
BRDA:12,3,0,7
BRDA:12,3,1,34
BRDA:16,4,0,0
BRDA:16,4,1,0
BRDA:16,5,0,0
BRDA:16,5,1,0
BRDA:16,5,2,0
BRDA:29,6,0,1
BRDA:29,6,1,0
BRDA:32,7,0,1
BRDA:32,7,1,0
BRF:17
BRH:8
end_of_record
TN:
SF:src/cloud-code/HTTPResponse.js
FN:11,(anonymous_0)
FN:25,(anonymous_1)
FN:34,(anonymous_2)
FN:46,(anonymous_3)
FNF:4
FNH:0
FNDA:0,(anonymous_0)
FNDA:0,(anonymous_1)
FNDA:0,(anonymous_2)
FNDA:0,(anonymous_3)
DA:13,0
DA:14,0
DA:15,0
DA:17,0
DA:18,0
DA:19,0
DA:20,0
DA:21,0
DA:22,0
DA:25,0
DA:26,0
DA:27,0
DA:28,0
DA:29,0
DA:31,0
DA:34,0
DA:35,0
DA:36,0
DA:37,0
DA:42,0
DA:45,0
DA:47,0
DA:51,0
DA:56,0
LF:24
LH:0
BRDA:14,0,0,0
BRDA:14,0,1,0
BRDA:17,1,0,0
BRDA:17,1,1,0
BRDA:19,2,0,0
BRDA:19,2,1,0
BRDA:21,3,0,0
BRDA:21,3,1,0
BRDA:26,4,0,0
BRDA:26,4,1,0
BRDA:26,5,0,0
BRDA:26,5,1,0
BRDA:28,6,0,0
BRDA:28,6,1,0
BRDA:28,7,0,0
BRDA:28,7,1,0
BRDA:35,8,0,0
BRDA:35,8,1,0
BRF:18
BRH:0
end_of_record
TN:
SF:src/cloud-code/Parse.Cloud.js
FN:6,isParseObjectConstructor
FN:10,validateValidator
FN:32,(anonymous_6)
FN:46,(anonymous_7)
FN:51,(anonymous_8)
FN:111,(anonymous_9)
FN:127,(anonymous_10)
FN:157,(anonymous_11)
FN:193,(anonymous_12)
FN:228,(anonymous_13)
FN:258,(anonymous_14)
FN:287,(anonymous_15)
FN:323,(anonymous_16)
FN:359,(anonymous_17)
FN:395,(anonymous_18)
FN:431,(anonymous_19)
FN:465,(anonymous_20)
FN:497,(anonymous_21)
FN:529,(anonymous_22)
FN:561,(anonymous_23)
FN:593,(anonymous_24)
FN:622,(anonymous_25)
FN:658,(anonymous_26)
FN:670,(anonymous_27)
FN:697,(anonymous_28)
FN:709,(anonymous_29)
FN:713,(anonymous_30)
FN:721,(anonymous_31)
FNF:28
FNH:0
FNDA:0,isParseObjectConstructor
FNDA:0,validateValidator
FNDA:0,(anonymous_6)
FNDA:0,(anonymous_7)
FNDA:0,(anonymous_8)
FNDA:0,(anonymous_9)
FNDA:0,(anonymous_10)
FNDA:0,(anonymous_11)
FNDA:0,(anonymous_12)
FNDA:0,(anonymous_13)
FNDA:0,(anonymous_14)
FNDA:0,(anonymous_15)
FNDA:0,(anonymous_16)
FNDA:0,(anonymous_17)
FNDA:0,(anonymous_18)
FNDA:0,(anonymous_19)
FNDA:0,(anonymous_20)
FNDA:0,(anonymous_21)
FNDA:0,(anonymous_22)
FNDA:0,(anonymous_23)
FNDA:0,(anonymous_24)
FNDA:0,(anonymous_25)
FNDA:0,(anonymous_26)
FNDA:0,(anonymous_27)
FNDA:0,(anonymous_28)
FNDA:0,(anonymous_29)
FNDA:0,(anonymous_30)
FNDA:0,(anonymous_31)
DA:1,1
DA:2,1
DA:3,1
DA:4,1
DA:7,0
DA:11,0
DA:12,0
DA:14,0
DA:22,0
DA:32,0
DA:33,0
DA:34,0
DA:36,0
DA:37,0
DA:39,0
DA:40,0
DA:41,0
DA:42,0
DA:44,0
DA:46,0
DA:47,0
DA:48,0
DA:49,0
DA:51,0
DA:52,0
DA:53,0
DA:54,0
DA:59,0
DA:60,0
DA:61,0
DA:62,0
DA:63,0
DA:64,0
DA:66,0
DA:67,0
DA:68,0
DA:69,0
DA:87,1
DA:111,1
DA:112,0
DA:113,0
DA:127,1
DA:128,0
DA:157,1
DA:158,0
DA:159,0
DA:160,0
DA:193,1
DA:194,0
DA:195,0
DA:196,0
DA:228,1
DA:229,0
DA:230,0
DA:233,0
DA:234,0
DA:236,0
DA:258,1
DA:259,0
DA:260,0
DA:263,0
DA:264,0
DA:266,0
DA:287,1
DA:288,0
DA:289,0
DA:292,0
DA:293,0
DA:295,0
DA:323,1
DA:324,0
DA:325,0
DA:326,0
DA:359,1
DA:360,0
DA:361,0
DA:362,0
DA:395,1
DA:396,0
DA:397,0
DA:398,0
DA:431,1
DA:432,0
DA:433,0
DA:434,0
DA:465,1
DA:466,0
DA:467,0
DA:497,1
DA:498,0
DA:499,0
DA:529,1
DA:530,0
DA:531,0
DA:561,1
DA:562,0
DA:563,0
DA:593,1
DA:594,0
DA:595,0
DA:622,1
DA:623,0
DA:624,0
DA:625,0
DA:626,0
DA:629,0
DA:631,0
DA:658,1
DA:659,0
DA:660,0
DA:661,0
DA:670,1
DA:671,0
DA:697,1
DA:698,0
DA:699,0
DA:700,0
DA:709,1
DA:710,0
DA:713,1
DA:715,0
DA:720,1
DA:721,1
DA:722,0
DA:726,0
DA:729,1
LF:126
LH:30
BRDA:7,0,0,0
BRDA:7,0,1,0
BRDA:11,1,0,0
BRDA:11,1,1,0
BRDA:11,2,0,0
BRDA:11,2,1,0
BRDA:33,3,0,0
BRDA:33,3,1,0
BRDA:36,4,0,0
BRDA:36,4,1,0
BRDA:36,5,0,0
BRDA:36,5,1,0
BRDA:40,6,0,0
BRDA:40,6,1,0
BRDA:41,7,0,0
BRDA:41,7,1,0
BRDA:42,8,0,0
BRDA:42,8,1,0
BRDA:48,9,0,0
BRDA:48,9,1,0
BRDA:53,10,0,0
BRDA:53,10,1,0
BRDA:53,11,0,0
BRDA:53,11,1,0
BRDA:61,12,0,0
BRDA:61,12,1,0
BRDA:61,13,0,0
BRDA:61,13,1,0
BRDA:63,14,0,0
BRDA:63,14,1,0
BRDA:230,15,0,0
BRDA:230,15,1,0
BRDA:230,16,0,0
BRDA:230,16,1,0
BRDA:260,17,0,0
BRDA:260,17,1,0
BRDA:260,18,0,0
BRDA:260,18,1,0
BRDA:289,19,0,0
BRDA:289,19,1,0
BRDA:289,20,0,0
BRDA:289,20,1,0
BRDA:625,21,0,0
BRDA:625,21,1,0
BRF:44
BRH:0
end_of_record
TN:
SF:src/cloud-code/httpRequest.js
FN:12,makeCallback
FN:13,(anonymous_2)
FN:15,(anonymous_3)
FN:18,(anonymous_4)
FN:33,(anonymous_5)
FN:37,(anonymous_6)
FN:88,httpRequest
FN:116,(anonymous_8)
FN:134,(anonymous_9)
FN:139,(anonymous_10)
FNF:10
FNH:0
FNDA:0,makeCallback
FNDA:0,(anonymous_2)
FNDA:0,(anonymous_3)
FNDA:0,(anonymous_4)
FNDA:0,(anonymous_5)
FNDA:0,(anonymous_6)
FNDA:0,httpRequest
FNDA:0,(anonymous_8)
FNDA:0,(anonymous_9)
FNDA:0,(anonymous_10)
DA:1,1
DA:2,1
DA:3,1
DA:4,1
DA:5,1
DA:7,1
DA:13,0
DA:14,0
DA:15,0
DA:16,0
DA:18,0
DA:19,0
DA:20,0
DA:23,0
DA:24,0
DA:26,0
DA:29,0
DA:33,1
DA:34,0
DA:35,0
DA:37,0
DA:38,0
DA:41,0
DA:45,0
DA:46,0
DA:53,0
DA:54,0
DA:55,0
DA:56,0
DA:57,0
DA:60,0
DA:88,1
DA:90,0
DA:91,0
DA:93,0
DA:95,0
DA:97,0
DA:98,0
DA:99,0
DA:100,0
DA:102,0
DA:103,0
DA:104,0
DA:106,0
DA:115,0
DA:116,0
DA:117,0
DA:118,0
DA:122,0
DA:123,0
DA:125,0
DA:126,0
DA:128,0
DA:129,0
DA:131,0
DA:132,0
DA:134,0
DA:135,0
DA:136,0
DA:137,0
DA:139,0
DA:140,0
DA:142,0
DA:158,1
LF:64
LH:9
BRDA:23,0,0,0
BRDA:23,0,1,0
BRDA:23,1,0,0
BRDA:23,1,1,0
BRDA:33,2,0,0
BRDA:34,3,0,0
BRDA:34,3,1,0
BRDA:41,4,0,0
BRDA:41,4,1,0
BRDA:54,5,0,0
BRDA:54,5,1,0
BRDA:56,6,0,0
BRDA:56,6,1,0
BRDA:97,7,0,0
BRDA:97,7,1,0
BRDA:99,8,0,0
BRDA:99,8,1,0
BRDA:103,9,0,0
BRDA:103,9,1,0
BRDA:115,10,0,0
BRDA:115,10,1,0
BRDA:117,11,0,0
BRDA:117,11,1,0
BRDA:122,12,0,0
BRDA:122,12,1,0
BRDA:125,13,0,0
BRDA:125,13,1,0
BRDA:128,14,0,0
BRDA:128,14,1,0
BRDA:131,15,0,0
BRDA:131,15,1,0
BRDA:136,16,0,0
BRDA:136,16,1,0
BRF:33
BRH:0
end_of_record
TN:
SF:src/vendor/mongodbUrl.js
FN:18,Url
FNF:1
FNH:1
FNDA:1,Url
DA:9,1
DA:11,1
DA:12,1
DA:13,1
DA:14,1
DA:16,1
DA:19,1
DA:20,1
DA:21,1
DA:22,1
DA:23,1
DA:24,1
DA:25,1
DA:26,1
DA:27,1
DA:28,1
DA:29,1
DA:30,1
DA:37,1
DA:38,1
DA:41,1
DA:44,1
DA:49,1
DA:54,1
DA:66,1
DA:887,1
DA:888,1
DA:889,256
LF:28
LH:28
BRDA:889,0,0,16
BRDA:889,0,1,240
BRF:2
BRH:2
end_of_record
